<?xml version="1.0" encoding="UTF-8"?>
<coverage generated="1745929424392" clover="3.2.0">
  <project timestamp="1745929424392" name="All files">
    <metrics statements="28" coveredstatements="27" conditionals="17" coveredconditionals="15" methods="3" coveredmethods="3" elements="48" coveredelements="45" complexity="0" loc="28" ncloc="28" packages="1" files="1" classes="1"/>
    <file name="utils.ts" path="/mnt/wsl/linux-dev/linux-projects/google-gas-new/villadaspedras/src/utils.ts">
      <metrics statements="28" coveredstatements="27" conditionals="17" coveredconditionals="15" methods="3" coveredmethods="3"/>
      <line num="4" count="1" type="stmt"/>
      <line num="12" count="1" type="stmt"/>
      <line num="13" count="10" type="cond" truecount="3" falsecount="0"/>
      <line num="14" count="3" type="stmt"/>
      <line num="17" count="7" type="stmt"/>
      <line num="19" count="7" type="stmt"/>
      <line num="28" count="1" type="stmt"/>
      <line num="29" count="14" type="cond" truecount="3" falsecount="0"/>
      <line num="30" count="3" type="stmt"/>
      <line num="33" count="11" type="stmt"/>
      <line num="44" count="1" type="stmt"/>
      <line num="45" count="22" type="cond" truecount="4" falsecount="0"/>
      <line num="46" count="3" type="stmt"/>
      <line num="49" count="19" type="cond" truecount="1" falsecount="0"/>
      <line num="50" count="3" type="stmt"/>
      <line num="54" count="16" type="cond" truecount="0" falsecount="1"/>
      <line num="55" count="0" type="stmt"/>
      <line num="59" count="16" type="stmt"/>
      <line num="60" count="16" type="cond" truecount="1" falsecount="0"/>
      <line num="61" count="6" type="stmt"/>
      <line num="65" count="10" type="stmt"/>
      <line num="66" count="10" type="stmt"/>
      <line num="69" count="10" type="cond" truecount="1" falsecount="0"/>
      <line num="70" count="1" type="stmt"/>
      <line num="74" count="9" type="cond" truecount="1" falsecount="1"/>
      <line num="75" count="9" type="cond" truecount="1" falsecount="0"/>
      <line num="76" count="1" type="stmt"/>
      <line num="79" count="8" type="stmt"/>
    </file>
  </project>
</coverage>
