TN:
SF:src/utils.ts
FN:12,formatarData
FN:28,formatarMoeda
FN:44,validarEmail
FNF:3
FNH:3
FNDA:10,formatarData
FNDA:14,formatarMoeda
FNDA:22,validarEmail
DA:4,1
DA:12,1
DA:13,10
DA:14,3
DA:17,7
DA:19,7
DA:28,1
DA:29,14
DA:30,3
DA:33,11
DA:44,1
DA:45,22
DA:46,3
DA:49,19
DA:50,3
DA:54,16
DA:55,0
DA:59,16
DA:60,16
DA:61,6
DA:65,10
DA:66,10
DA:69,10
DA:70,1
DA:74,9
DA:75,9
DA:76,1
DA:79,8
LF:28
LH:27
BRDA:13,0,0,3
BRDA:13,1,0,10
BRDA:13,1,1,7
BRDA:29,2,0,3
BRDA:29,3,0,14
BRDA:29,3,1,11
BRDA:45,4,0,3
BRDA:45,5,0,22
BRDA:45,5,1,19
BRDA:45,5,2,19
BRDA:49,6,0,3
BRDA:54,7,0,0
BRDA:60,8,0,6
BRDA:69,9,0,1
BRDA:74,10,0,9
BRDA:74,10,1,0
BRDA:75,11,0,1
BRF:17
BRH:15
end_of_record
