{"/mnt/wsl/linux-dev/linux-projects/google-gas-new/villadaspedras/src/utils.ts": {"path":"/mnt/wsl/linux-dev/linux-projects/google-gas-new/villadaspedras/src/utils.ts","statementMap":{"0":{"start":{"line":12,"column":0},"end":{"line":12,"column":16}},"1":{"start":{"line":28,"column":0},"end":{"line":28,"column":16}},"2":{"start":{"line":44,"column":0},"end":{"line":44,"column":16}},"3":{"start":{"line":4,"column":0},"end":{"line":4,"column":31}},"4":{"start":{"line":13,"column":2},"end":{"line":15,"column":3}},"5":{"start":{"line":14,"column":4},"end":{"line":14,"column":67}},"6":{"start":{"line":17,"column":20},"end":{"line":17,"column":51}},"7":{"start":{"line":19,"column":2},"end":{"line":19,"column":82}},"8":{"start":{"line":29,"column":2},"end":{"line":31,"column":3}},"9":{"start":{"line":30,"column":4},"end":{"line":30,"column":68}},"10":{"start":{"line":33,"column":2},"end":{"line":36,"column":5}},"11":{"start":{"line":45,"column":2},"end":{"line":47,"column":3}},"12":{"start":{"line":46,"column":4},"end":{"line":46,"column":75}},"13":{"start":{"line":49,"column":2},"end":{"line":51,"column":3}},"14":{"start":{"line":50,"column":4},"end":{"line":50,"column":17}},"15":{"start":{"line":54,"column":2},"end":{"line":56,"column":3}},"16":{"start":{"line":55,"column":4},"end":{"line":55,"column":17}},"17":{"start":{"line":59,"column":22},"end":{"line":59,"column":50}},"18":{"start":{"line":60,"column":2},"end":{"line":62,"column":3}},"19":{"start":{"line":61,"column":4},"end":{"line":61,"column":17}},"20":{"start":{"line":65,"column":17},"end":{"line":65,"column":33}},"21":{"start":{"line":66,"column":18},"end":{"line":66,"column":27}},"22":{"start":{"line":69,"column":2},"end":{"line":71,"column":3}},"23":{"start":{"line":70,"column":4},"end":{"line":70,"column":17}},"24":{"start":{"line":74,"column":14},"end":{"line":74,"column":44}},"25":{"start":{"line":75,"column":2},"end":{"line":77,"column":3}},"26":{"start":{"line":76,"column":4},"end":{"line":76,"column":17}},"27":{"start":{"line":79,"column":2},"end":{"line":79,"column":14}}},"fnMap":{"0":{"name":"formatarData","decl":{"start":{"line":12,"column":16},"end":{"line":12,"column":28}},"loc":{"start":{"line":12,"column":39},"end":{"line":20,"column":1}}},"1":{"name":"formatarMoeda","decl":{"start":{"line":28,"column":16},"end":{"line":28,"column":29}},"loc":{"start":{"line":28,"column":43},"end":{"line":37,"column":1}}},"2":{"name":"validarEmail","decl":{"start":{"line":44,"column":16},"end":{"line":44,"column":28}},"loc":{"start":{"line":44,"column":42},"end":{"line":80,"column":1}}}},"branchMap":{"0":{"loc":{"start":{"line":13,"column":2},"end":{"line":15,"column":3}},"type":"if","locations":[{"start":{"line":13,"column":2},"end":{"line":15,"column":3}}]},"1":{"loc":{"start":{"line":13,"column":6},"end":{"line":13,"column":54}},"type":"binary-expr","locations":[{"start":{"line":13,"column":6},"end":{"line":13,"column":29}},{"start":{"line":13,"column":33},"end":{"line":13,"column":54}}]},"2":{"loc":{"start":{"line":29,"column":2},"end":{"line":31,"column":3}},"type":"if","locations":[{"start":{"line":29,"column":2},"end":{"line":31,"column":3}}]},"3":{"loc":{"start":{"line":29,"column":6},"end":{"line":29,"column":47}},"type":"binary-expr","locations":[{"start":{"line":29,"column":6},"end":{"line":29,"column":31}},{"start":{"line":29,"column":35},"end":{"line":29,"column":47}}]},"4":{"loc":{"start":{"line":45,"column":2},"end":{"line":47,"column":3}},"type":"if","locations":[{"start":{"line":45,"column":2},"end":{"line":47,"column":3}}]},"5":{"loc":{"start":{"line":45,"column":6},"end":{"line":45,"column":52}},"type":"binary-expr","locations":[{"start":{"line":45,"column":6},"end":{"line":45,"column":13}},{"start":{"line":45,"column":17},"end":{"line":45,"column":36}},{"start":{"line":45,"column":40},"end":{"line":45,"column":52}}]},"6":{"loc":{"start":{"line":49,"column":2},"end":{"line":51,"column":3}},"type":"if","locations":[{"start":{"line":49,"column":2},"end":{"line":51,"column":3}}]},"7":{"loc":{"start":{"line":54,"column":2},"end":{"line":56,"column":3}},"type":"if","locations":[{"start":{"line":54,"column":2},"end":{"line":56,"column":3}}]},"8":{"loc":{"start":{"line":60,"column":2},"end":{"line":62,"column":3}},"type":"if","locations":[{"start":{"line":60,"column":2},"end":{"line":62,"column":3}}]},"9":{"loc":{"start":{"line":69,"column":2},"end":{"line":71,"column":3}},"type":"if","locations":[{"start":{"line":69,"column":2},"end":{"line":71,"column":3}}]},"10":{"loc":{"start":{"line":74,"column":14},"end":{"line":74,"column":44}},"type":"binary-expr","locations":[{"start":{"line":74,"column":14},"end":{"line":74,"column":38}},{"start":{"line":74,"column":42},"end":{"line":74,"column":44}}]},"11":{"loc":{"start":{"line":75,"column":2},"end":{"line":77,"column":3}},"type":"if","locations":[{"start":{"line":75,"column":2},"end":{"line":77,"column":3}}]}},"s":{"0":1,"1":1,"2":1,"3":1,"4":10,"5":3,"6":7,"7":7,"8":14,"9":3,"10":11,"11":22,"12":3,"13":19,"14":3,"15":16,"16":0,"17":16,"18":16,"19":6,"20":10,"21":10,"22":10,"23":1,"24":9,"25":9,"26":1,"27":8},"f":{"0":10,"1":14,"2":22},"b":{"0":[3],"1":[10,7],"2":[3],"3":[14,11],"4":[3],"5":[22,19,19],"6":[3],"7":[0],"8":[6],"9":[1],"10":[9,0],"11":[1]}}
}
