<?xml version="1.0" encoding="UTF-8"?>
<coverage generated="1746163446400" clover="3.2.0">
  <project timestamp="1746163446400" name="All files">
    <metrics statements="29" coveredstatements="28" conditionals="17" coveredconditionals="15" methods="3" coveredmethods="3" elements="49" coveredelements="46" complexity="0" loc="29" ncloc="29" packages="1" files="1" classes="1"/>
    <file name="utils.ts" path="/mnt/wsl/linux-dev/linux-projects/google-gas-automations/src/commons/utils.ts">
      <metrics statements="29" coveredstatements="28" conditionals="17" coveredconditionals="15" methods="3" coveredmethods="3"/>
      <line num="11" count="1" type="stmt"/>
      <line num="12" count="10" type="cond" truecount="3" falsecount="0"/>
      <line num="13" count="3" type="stmt"/>
      <line num="20" count="7" type="stmt"/>
      <line num="21" count="7" type="stmt"/>
      <line num="22" count="7" type="stmt"/>
      <line num="24" count="7" type="stmt"/>
      <line num="33" count="1" type="stmt"/>
      <line num="34" count="14" type="cond" truecount="3" falsecount="0"/>
      <line num="35" count="3" type="stmt"/>
      <line num="38" count="11" type="stmt"/>
      <line num="49" count="1" type="stmt"/>
      <line num="50" count="22" type="cond" truecount="4" falsecount="0"/>
      <line num="51" count="3" type="stmt"/>
      <line num="54" count="19" type="cond" truecount="1" falsecount="0"/>
      <line num="55" count="3" type="stmt"/>
      <line num="59" count="16" type="cond" truecount="0" falsecount="1"/>
      <line num="60" count="0" type="stmt"/>
      <line num="64" count="16" type="stmt"/>
      <line num="65" count="16" type="cond" truecount="1" falsecount="0"/>
      <line num="66" count="6" type="stmt"/>
      <line num="70" count="10" type="stmt"/>
      <line num="71" count="10" type="stmt"/>
      <line num="74" count="10" type="cond" truecount="1" falsecount="0"/>
      <line num="75" count="1" type="stmt"/>
      <line num="79" count="9" type="cond" truecount="1" falsecount="1"/>
      <line num="80" count="9" type="cond" truecount="1" falsecount="0"/>
      <line num="81" count="1" type="stmt"/>
      <line num="84" count="8" type="stmt"/>
    </file>
  </project>
</coverage>
