{"/mnt/wsl/linux-dev/linux-projects/google-gas-automations/scripts/build-system/clasp-helper.js": {"path":"/mnt/wsl/linux-dev/linux-projects/google-gas-automations/scripts/build-system/clasp-helper.js","statementMap":{"0":{"start":{"line":9,"column":2},"end":{"line":17,"column":3}},"1":{"start":{"line":10,"column":4},"end":{"line":10,"column":61}},"2":{"start":{"line":11,"column":4},"end":{"line":11,"column":66}},"3":{"start":{"line":12,"column":4},"end":{"line":12,"column":66}},"4":{"start":{"line":13,"column":4},"end":{"line":13,"column":16}},"5":{"start":{"line":15,"column":4},"end":{"line":15,"column":92}},"6":{"start":{"line":16,"column":4},"end":{"line":16,"column":17}}},"fnMap":{"0":{"name":"pushProject","decl":{"start":{"line":8,"column":16},"end":{"line":8,"column":27}},"loc":{"start":{"line":8,"column":40},"end":{"line":18,"column":1}},"line":8}},"branchMap":{},"s":{"0":2,"1":2,"2":2,"3":1,"4":1,"5":1,"6":1},"f":{"0":2},"b":{},"_coverageSchema":"1a1c01bbd47fc00a2c39e90264f33305004495a9","hash":"6244f03f7975d27001467cfba13706ca47a55208"}
,"/mnt/wsl/linux-dev/linux-projects/google-gas-automations/scripts/build-system/config-helper.js": {"path":"/mnt/wsl/linux-dev/linux-projects/google-gas-automations/scripts/build-system/config-helper.js","statementMap":{"0":{"start":{"line":17,"column":28},"end":{"line":17,"column":40}},"1":{"start":{"line":19,"column":20},"end":{"line":19,"column":63}},"2":{"start":{"line":22,"column":22},"end":{"line":28,"column":1}},"3":{"start":{"line":37,"column":2},"end":{"line":73,"column":3}},"4":{"start":{"line":39,"column":4},"end":{"line":43,"column":5}},"5":{"start":{"line":40,"column":6},"end":{"line":40,"column":70}},"6":{"start":{"line":41,"column":6},"end":{"line":41,"column":64}},"7":{"start":{"line":42,"column":6},"end":{"line":42,"column":18}},"8":{"start":{"line":46,"column":26},"end":{"line":46,"column":62}},"9":{"start":{"line":47,"column":19},"end":{"line":47,"column":44}},"10":{"start":{"line":50,"column":16},"end":{"line":50,"column":44}},"11":{"start":{"line":51,"column":21},"end":{"line":51,"column":40}},"12":{"start":{"line":54,"column":18},"end":{"line":54,"column":34}},"13":{"start":{"line":56,"column":4},"end":{"line":62,"column":5}},"14":{"start":{"line":57,"column":6},"end":{"line":57,"column":45}},"15":{"start":{"line":58,"column":6},"end":{"line":60,"column":9}},"16":{"start":{"line":59,"column":8},"end":{"line":59,"column":68}},"17":{"start":{"line":61,"column":6},"end":{"line":61,"column":19}},"18":{"start":{"line":64,"column":4},"end":{"line":66,"column":5}},"19":{"start":{"line":65,"column":6},"end":{"line":65,"column":57}},"20":{"start":{"line":68,"column":4},"end":{"line":68,"column":16}},"21":{"start":{"line":70,"column":4},"end":{"line":70,"column":67}},"22":{"start":{"line":71,"column":4},"end":{"line":71,"column":62}},"23":{"start":{"line":72,"column":4},"end":{"line":72,"column":16}},"24":{"start":{"line":84,"column":2},"end":{"line":116,"column":3}},"25":{"start":{"line":85,"column":23},"end":{"line":85,"column":47}},"26":{"start":{"line":86,"column":4},"end":{"line":88,"column":5}},"27":{"start":{"line":87,"column":6},"end":{"line":87,"column":63}},"28":{"start":{"line":91,"column":4},"end":{"line":93,"column":5}},"29":{"start":{"line":92,"column":6},"end":{"line":92,"column":79}},"30":{"start":{"line":95,"column":25},"end":{"line":95,"column":60}},"31":{"start":{"line":96,"column":19},"end":{"line":96,"column":42}},"32":{"start":{"line":98,"column":4},"end":{"line":100,"column":5}},"33":{"start":{"line":99,"column":6},"end":{"line":99,"column":82}},"34":{"start":{"line":102,"column":4},"end":{"line":102,"column":81}},"35":{"start":{"line":105,"column":4},"end":{"line":110,"column":5}},"36":{"start":{"line":106,"column":22},"end":{"line":106,"column":53}},"37":{"start":{"line":107,"column":6},"end":{"line":109,"column":7}},"38":{"start":{"line":108,"column":8},"end":{"line":108,"column":77}},"39":{"start":{"line":112,"column":4},"end":{"line":112,"column":18}},"40":{"start":{"line":114,"column":4},"end":{"line":114,"column":68}},"41":{"start":{"line":115,"column":4},"end":{"line":115,"column":16}},"42":{"start":{"line":127,"column":22},"end":{"line":127,"column":70}},"43":{"start":{"line":130,"column":16},"end":{"line":138,"column":3}},"44":{"start":{"line":140,"column":2},"end":{"line":147,"column":3}},"45":{"start":{"line":141,"column":4},"end":{"line":141,"column":59}},"46":{"start":{"line":142,"column":4},"end":{"line":142,"column":45}},"47":{"start":{"line":143,"column":4},"end":{"line":143,"column":49}},"48":{"start":{"line":144,"column":4},"end":{"line":144,"column":47}},"49":{"start":{"line":145,"column":4},"end":{"line":145,"column":57}},"50":{"start":{"line":146,"column":4},"end":{"line":146,"column":53}},"51":{"start":{"line":149,"column":2},"end":{"line":149,"column":15}},"52":{"start":{"line":159,"column":17},"end":{"line":159,"column":48}},"53":{"start":{"line":160,"column":16},"end":{"line":160,"column":48}},"54":{"start":{"line":161,"column":2},"end":{"line":161,"column":27}}},"fnMap":{"0":{"name":"validateConfig","decl":{"start":{"line":36,"column":16},"end":{"line":36,"column":30}},"loc":{"start":{"line":36,"column":55},"end":{"line":74,"column":1}},"line":36},"1":{"name":"(anonymous_1)","decl":{"start":{"line":58,"column":30},"end":{"line":58,"column":31}},"loc":{"start":{"line":58,"column":41},"end":{"line":60,"column":7}},"line":58},"2":{"name":"loadConfig","decl":{"start":{"line":83,"column":16},"end":{"line":83,"column":26}},"loc":{"start":{"line":83,"column":94},"end":{"line":117,"column":1}},"line":83},"3":{"name":"initializePaths","decl":{"start":{"line":125,"column":16},"end":{"line":125,"column":31}},"loc":{"start":{"line":125,"column":56},"end":{"line":150,"column":1}},"line":125},"4":{"name":"loadConfigAndInitializePaths","decl":{"start":{"line":158,"column":16},"end":{"line":158,"column":44}},"loc":{"start":{"line":158,"column":95},"end":{"line":162,"column":1}},"line":158}},"branchMap":{"0":{"loc":{"start":{"line":36,"column":39},"end":{"line":36,"column":53}},"type":"default-arg","locations":[{"start":{"line":36,"column":49},"end":{"line":36,"column":53}}],"line":36},"1":{"loc":{"start":{"line":39,"column":4},"end":{"line":43,"column":5}},"type":"if","locations":[{"start":{"line":39,"column":4},"end":{"line":43,"column":5}},{"start":{},"end":{}}],"line":39},"2":{"loc":{"start":{"line":56,"column":4},"end":{"line":62,"column":5}},"type":"if","locations":[{"start":{"line":56,"column":4},"end":{"line":62,"column":5}},{"start":{},"end":{}}],"line":56},"3":{"loc":{"start":{"line":64,"column":4},"end":{"line":66,"column":5}},"type":"if","locations":[{"start":{"line":64,"column":4},"end":{"line":66,"column":5}},{"start":{},"end":{}}],"line":64},"4":{"loc":{"start":{"line":83,"column":27},"end":{"line":83,"column":59}},"type":"default-arg","locations":[{"start":{"line":83,"column":40},"end":{"line":83,"column":59}}],"line":83},"5":{"loc":{"start":{"line":83,"column":61},"end":{"line":83,"column":75}},"type":"default-arg","locations":[{"start":{"line":83,"column":71},"end":{"line":83,"column":75}}],"line":83},"6":{"loc":{"start":{"line":83,"column":77},"end":{"line":83,"column":92}},"type":"default-arg","locations":[{"start":{"line":83,"column":88},"end":{"line":83,"column":92}}],"line":83},"7":{"loc":{"start":{"line":86,"column":4},"end":{"line":88,"column":5}},"type":"if","locations":[{"start":{"line":86,"column":4},"end":{"line":88,"column":5}},{"start":{},"end":{}}],"line":86},"8":{"loc":{"start":{"line":91,"column":4},"end":{"line":93,"column":5}},"type":"if","locations":[{"start":{"line":91,"column":4},"end":{"line":93,"column":5}},{"start":{},"end":{}}],"line":91},"9":{"loc":{"start":{"line":98,"column":4},"end":{"line":100,"column":5}},"type":"if","locations":[{"start":{"line":98,"column":4},"end":{"line":100,"column":5}},{"start":{},"end":{}}],"line":98},"10":{"loc":{"start":{"line":105,"column":4},"end":{"line":110,"column":5}},"type":"if","locations":[{"start":{"line":105,"column":4},"end":{"line":110,"column":5}},{"start":{},"end":{}}],"line":105},"11":{"loc":{"start":{"line":107,"column":6},"end":{"line":109,"column":7}},"type":"if","locations":[{"start":{"line":107,"column":6},"end":{"line":109,"column":7}},{"start":{},"end":{}}],"line":107},"12":{"loc":{"start":{"line":125,"column":40},"end":{"line":125,"column":54}},"type":"default-arg","locations":[{"start":{"line":125,"column":50},"end":{"line":125,"column":54}}],"line":125},"13":{"loc":{"start":{"line":127,"column":22},"end":{"line":127,"column":70}},"type":"binary-expr","locations":[{"start":{"line":127,"column":23},"end":{"line":127,"column":38}},{"start":{"line":127,"column":42},"end":{"line":127,"column":63}},{"start":{"line":127,"column":68},"end":{"line":127,"column":70}}],"line":127},"14":{"loc":{"start":{"line":131,"column":9},"end":{"line":131,"column":76}},"type":"cond-expr","locations":[{"start":{"line":131,"column":27},"end":{"line":131,"column":56}},{"start":{"line":131,"column":59},"end":{"line":131,"column":76}}],"line":131},"15":{"loc":{"start":{"line":132,"column":11},"end":{"line":132,"column":84}},"type":"cond-expr","locations":[{"start":{"line":132,"column":31},"end":{"line":132,"column":62}},{"start":{"line":132,"column":65},"end":{"line":132,"column":84}}],"line":132},"16":{"loc":{"start":{"line":133,"column":10},"end":{"line":133,"column":80}},"type":"cond-expr","locations":[{"start":{"line":133,"column":29},"end":{"line":133,"column":59}},{"start":{"line":133,"column":62},"end":{"line":133,"column":80}}],"line":133},"17":{"loc":{"start":{"line":134,"column":15},"end":{"line":136,"column":31}},"type":"cond-expr","locations":[{"start":{"line":135,"column":8},"end":{"line":135,"column":43}},{"start":{"line":136,"column":8},"end":{"line":136,"column":31}}],"line":134},"18":{"loc":{"start":{"line":137,"column":13},"end":{"line":137,"column":92}},"type":"cond-expr","locations":[{"start":{"line":137,"column":35},"end":{"line":137,"column":68}},{"start":{"line":137,"column":71},"end":{"line":137,"column":92}}],"line":137},"19":{"loc":{"start":{"line":140,"column":2},"end":{"line":147,"column":3}},"type":"if","locations":[{"start":{"line":140,"column":2},"end":{"line":147,"column":3}},{"start":{},"end":{}}],"line":140},"20":{"loc":{"start":{"line":158,"column":45},"end":{"line":158,"column":77}},"type":"default-arg","locations":[{"start":{"line":158,"column":58},"end":{"line":158,"column":77}}],"line":158},"21":{"loc":{"start":{"line":158,"column":79},"end":{"line":158,"column":93}},"type":"default-arg","locations":[{"start":{"line":158,"column":89},"end":{"line":158,"column":93}}],"line":158}},"s":{"0":1,"1":1,"2":1,"3":7,"4":7,"5":0,"6":0,"7":0,"8":7,"9":6,"10":0,"11":0,"12":0,"13":0,"14":0,"15":0,"16":0,"17":0,"18":0,"19":0,"20":0,"21":7,"22":7,"23":7,"24":7,"25":7,"26":7,"27":2,"28":7,"29":1,"30":6,"31":6,"32":6,"33":1,"34":5,"35":5,"36":2,"37":2,"38":0,"39":5,"40":2,"41":2,"42":4,"43":4,"44":4,"45":1,"46":1,"47":1,"48":1,"49":1,"50":1,"51":4,"52":1,"53":1,"54":1},"f":{"0":7,"1":0,"2":7,"3":4,"4":1},"b":{"0":[0],"1":[0,7],"2":[0,0],"3":[0,0],"4":[1],"5":[1],"6":[4],"7":[2,5],"8":[1,6],"9":[1,5],"10":[2,3],"11":[0,2],"12":[0],"13":[4,4,1],"14":[3,1],"15":[3,1],"16":[3,1],"17":[3,1],"18":[3,1],"19":[1,3],"20":[0],"21":[0]},"_coverageSchema":"1a1c01bbd47fc00a2c39e90264f33305004495a9","hash":"f68f11e3044bc93c1bbb9fb335da829332eabba7"}
,"/mnt/wsl/linux-dev/linux-projects/google-gas-automations/scripts/build-system/filesystem-helper.js": {"path":"/mnt/wsl/linux-dev/linux-projects/google-gas-automations/scripts/build-system/filesystem-helper.js","statementMap":{"0":{"start":{"line":16,"column":21},"end":{"line":23,"column":3}},"1":{"start":{"line":17,"column":4},"end":{"line":19,"column":5}},"2":{"start":{"line":18,"column":6},"end":{"line":18,"column":18}},"3":{"start":{"line":21,"column":18},"end":{"line":21,"column":41}},"4":{"start":{"line":22,"column":4},"end":{"line":22,"column":30}},"5":{"start":{"line":25,"column":2},"end":{"line":46,"column":3}},"6":{"start":{"line":26,"column":4},"end":{"line":26,"column":60}},"7":{"start":{"line":29,"column":4},"end":{"line":45,"column":5}},"8":{"start":{"line":31,"column":6},"end":{"line":31,"column":37}},"9":{"start":{"line":34,"column":27},"end":{"line":34,"column":47}},"10":{"start":{"line":36,"column":6},"end":{"line":40,"column":7}},"11":{"start":{"line":37,"column":8},"end":{"line":37,"column":73}},"12":{"start":{"line":39,"column":8},"end":{"line":39,"column":95}},"13":{"start":{"line":43,"column":6},"end":{"line":43,"column":38}},"14":{"start":{"line":44,"column":6},"end":{"line":44,"column":60}},"15":{"start":{"line":48,"column":2},"end":{"line":69,"column":3}},"16":{"start":{"line":49,"column":4},"end":{"line":49,"column":58}},"17":{"start":{"line":52,"column":4},"end":{"line":68,"column":5}},"18":{"start":{"line":54,"column":6},"end":{"line":54,"column":36}},"19":{"start":{"line":57,"column":27},"end":{"line":57,"column":46}},"20":{"start":{"line":59,"column":6},"end":{"line":63,"column":7}},"21":{"start":{"line":60,"column":8},"end":{"line":60,"column":71}},"22":{"start":{"line":62,"column":8},"end":{"line":62,"column":93}},"23":{"start":{"line":66,"column":6},"end":{"line":66,"column":37}},"24":{"start":{"line":67,"column":6},"end":{"line":67,"column":58}},"25":{"start":{"line":82,"column":19},"end":{"line":82,"column":40}},"26":{"start":{"line":83,"column":22},"end":{"line":83,"column":71}},"27":{"start":{"line":84,"column":19},"end":{"line":84,"column":29}},"28":{"start":{"line":86,"column":2},"end":{"line":86,"column":93}},"29":{"start":{"line":89,"column":2},"end":{"line":112,"column":3}},"30":{"start":{"line":90,"column":26},"end":{"line":90,"column":45}},"31":{"start":{"line":93,"column":22},"end":{"line":93,"column":49}},"32":{"start":{"line":94,"column":21},"end":{"line":94,"column":54}},"33":{"start":{"line":96,"column":4},"end":{"line":96,"column":86}},"34":{"start":{"line":99,"column":4},"end":{"line":103,"column":5}},"35":{"start":{"line":100,"column":6},"end":{"line":100,"column":91}},"36":{"start":{"line":101,"column":6},"end":{"line":101,"column":24}},"37":{"start":{"line":102,"column":6},"end":{"line":102,"column":12}},"38":{"start":{"line":106,"column":18},"end":{"line":106,"column":42}},"39":{"start":{"line":107,"column":4},"end":{"line":111,"column":5}},"40":{"start":{"line":108,"column":6},"end":{"line":108,"column":82}},"41":{"start":{"line":109,"column":6},"end":{"line":109,"column":24}},"42":{"start":{"line":110,"column":6},"end":{"line":110,"column":12}},"43":{"start":{"line":115,"column":2},"end":{"line":135,"column":3}},"44":{"start":{"line":116,"column":4},"end":{"line":116,"column":55}},"45":{"start":{"line":117,"column":4},"end":{"line":134,"column":5}},"46":{"start":{"line":119,"column":21},"end":{"line":119,"column":37}},"47":{"start":{"line":120,"column":6},"end":{"line":123,"column":7}},"48":{"start":{"line":122,"column":8},"end":{"line":122,"column":50}},"49":{"start":{"line":126,"column":6},"end":{"line":126,"column":45}},"50":{"start":{"line":127,"column":6},"end":{"line":127,"column":87}},"51":{"start":{"line":128,"column":6},"end":{"line":128,"column":50}},"52":{"start":{"line":129,"column":6},"end":{"line":129,"column":18}},"53":{"start":{"line":131,"column":6},"end":{"line":131,"column":72}},"54":{"start":{"line":132,"column":6},"end":{"line":132,"column":100}},"55":{"start":{"line":133,"column":6},"end":{"line":133,"column":19}},"56":{"start":{"line":137,"column":2},"end":{"line":137,"column":78}},"57":{"start":{"line":138,"column":2},"end":{"line":138,"column":14}}},"fnMap":{"0":{"name":"cleanDirectories","decl":{"start":{"line":14,"column":16},"end":{"line":14,"column":32}},"loc":{"start":{"line":14,"column":89},"end":{"line":70,"column":1}},"line":14},"1":{"name":"(anonymous_1)","decl":{"start":{"line":16,"column":21},"end":{"line":16,"column":22}},"loc":{"start":{"line":16,"column":34},"end":{"line":23,"column":3}},"line":16},"2":{"name":"ensureBuildBeforeDeploy","decl":{"start":{"line":81,"column":16},"end":{"line":81,"column":39}},"loc":{"start":{"line":81,"column":94},"end":{"line":139,"column":1}},"line":81}},"branchMap":{"0":{"loc":{"start":{"line":14,"column":52},"end":{"line":14,"column":69}},"type":"default-arg","locations":[{"start":{"line":14,"column":65},"end":{"line":14,"column":69}}],"line":14},"1":{"loc":{"start":{"line":14,"column":71},"end":{"line":14,"column":87}},"type":"default-arg","locations":[{"start":{"line":14,"column":83},"end":{"line":14,"column":87}}],"line":14},"2":{"loc":{"start":{"line":17,"column":4},"end":{"line":19,"column":5}},"type":"if","locations":[{"start":{"line":17,"column":4},"end":{"line":19,"column":5}},{"start":{},"end":{}}],"line":17},"3":{"loc":{"start":{"line":25,"column":2},"end":{"line":46,"column":3}},"type":"if","locations":[{"start":{"line":25,"column":2},"end":{"line":46,"column":3}},{"start":{},"end":{}}],"line":25},"4":{"loc":{"start":{"line":29,"column":4},"end":{"line":45,"column":5}},"type":"if","locations":[{"start":{"line":29,"column":4},"end":{"line":45,"column":5}},{"start":{"line":41,"column":11},"end":{"line":45,"column":5}}],"line":29},"5":{"loc":{"start":{"line":36,"column":6},"end":{"line":40,"column":7}},"type":"if","locations":[{"start":{"line":36,"column":6},"end":{"line":40,"column":7}},{"start":{"line":38,"column":13},"end":{"line":40,"column":7}}],"line":36},"6":{"loc":{"start":{"line":48,"column":2},"end":{"line":69,"column":3}},"type":"if","locations":[{"start":{"line":48,"column":2},"end":{"line":69,"column":3}},{"start":{},"end":{}}],"line":48},"7":{"loc":{"start":{"line":52,"column":4},"end":{"line":68,"column":5}},"type":"if","locations":[{"start":{"line":52,"column":4},"end":{"line":68,"column":5}},{"start":{"line":64,"column":11},"end":{"line":68,"column":5}}],"line":52},"8":{"loc":{"start":{"line":59,"column":6},"end":{"line":63,"column":7}},"type":"if","locations":[{"start":{"line":59,"column":6},"end":{"line":63,"column":7}},{"start":{"line":61,"column":13},"end":{"line":63,"column":7}}],"line":59},"9":{"loc":{"start":{"line":81,"column":55},"end":{"line":81,"column":72}},"type":"default-arg","locations":[{"start":{"line":81,"column":68},"end":{"line":81,"column":72}}],"line":81},"10":{"loc":{"start":{"line":81,"column":74},"end":{"line":81,"column":92}},"type":"default-arg","locations":[{"start":{"line":81,"column":87},"end":{"line":81,"column":92}}],"line":81},"11":{"loc":{"start":{"line":82,"column":19},"end":{"line":82,"column":40}},"type":"binary-expr","locations":[{"start":{"line":82,"column":19},"end":{"line":82,"column":34}},{"start":{"line":82,"column":38},"end":{"line":82,"column":40}}],"line":82},"12":{"loc":{"start":{"line":83,"column":22},"end":{"line":83,"column":71}},"type":"cond-expr","locations":[{"start":{"line":83,"column":35},"end":{"line":83,"column":47}},{"start":{"line":83,"column":50},"end":{"line":83,"column":71}}],"line":83},"13":{"loc":{"start":{"line":90,"column":26},"end":{"line":90,"column":45}},"type":"binary-expr","locations":[{"start":{"line":90,"column":26},"end":{"line":90,"column":39}},{"start":{"line":90,"column":43},"end":{"line":90,"column":45}}],"line":90},"14":{"loc":{"start":{"line":93,"column":22},"end":{"line":93,"column":49}},"type":"binary-expr","locations":[{"start":{"line":93,"column":22},"end":{"line":93,"column":42}},{"start":{"line":93,"column":46},"end":{"line":93,"column":49}}],"line":93},"15":{"loc":{"start":{"line":99,"column":4},"end":{"line":103,"column":5}},"type":"if","locations":[{"start":{"line":99,"column":4},"end":{"line":103,"column":5}},{"start":{},"end":{}}],"line":99},"16":{"loc":{"start":{"line":99,"column":8},"end":{"line":99,"column":46}},"type":"binary-expr","locations":[{"start":{"line":99,"column":8},"end":{"line":99,"column":32}},{"start":{"line":99,"column":36},"end":{"line":99,"column":46}}],"line":99},"17":{"loc":{"start":{"line":107,"column":4},"end":{"line":111,"column":5}},"type":"if","locations":[{"start":{"line":107,"column":4},"end":{"line":111,"column":5}},{"start":{},"end":{}}],"line":107},"18":{"loc":{"start":{"line":115,"column":2},"end":{"line":135,"column":3}},"type":"if","locations":[{"start":{"line":115,"column":2},"end":{"line":135,"column":3}},{"start":{},"end":{}}],"line":115},"19":{"loc":{"start":{"line":120,"column":6},"end":{"line":123,"column":7}},"type":"if","locations":[{"start":{"line":120,"column":6},"end":{"line":123,"column":7}},{"start":{},"end":{}}],"line":120}},"s":{"0":4,"1":3,"2":0,"3":3,"4":3,"5":4,"6":3,"7":3,"8":2,"9":2,"10":2,"11":1,"12":1,"13":1,"14":1,"15":4,"16":1,"17":1,"18":1,"19":1,"20":1,"21":1,"22":0,"23":0,"24":0,"25":6,"26":6,"27":6,"28":6,"29":6,"30":7,"31":7,"32":7,"33":7,"34":7,"35":4,"36":4,"37":4,"38":3,"39":3,"40":1,"41":1,"42":1,"43":6,"44":5,"45":5,"46":5,"47":5,"48":1,"49":5,"50":5,"51":4,"52":4,"53":1,"54":1,"55":1,"56":1,"57":1},"f":{"0":4,"1":3,"2":6},"b":{"0":[0],"1":[0],"2":[0,3],"3":[3,1],"4":[2,1],"5":[1,1],"6":[1,3],"7":[1,0],"8":[1,0],"9":[4],"10":[5],"11":[6,0],"12":[1,5],"13":[7,0],"14":[7,0],"15":[4,3],"16":[7,4],"17":[1,2],"18":[5,1],"19":[1,4]},"_coverageSchema":"1a1c01bbd47fc00a2c39e90264f33305004495a9","hash":"33863f6038cc491f60d5de3aec8f35ebd15fd93f"}
,"/mnt/wsl/linux-dev/linux-projects/google-gas-automations/scripts/build-system/logger.js": {"path":"/mnt/wsl/linux-dev/linux-projects/google-gas-automations/scripts/build-system/logger.js","statementMap":{"0":{"start":{"line":14,"column":26},"end":{"line":21,"column":1}},"1":{"start":{"line":24,"column":23},"end":{"line":38,"column":1}},"2":{"start":{"line":41,"column":23},"end":{"line":47,"column":1}},"3":{"start":{"line":50,"column":13},"end":{"line":50,"column":34}},"4":{"start":{"line":63,"column":2},"end":{"line":65,"column":3}},"5":{"start":{"line":64,"column":4},"end":{"line":64,"column":61}},"6":{"start":{"line":67,"column":2},"end":{"line":67,"column":37}},"7":{"start":{"line":70,"column":2},"end":{"line":75,"column":3}},"8":{"start":{"line":71,"column":21},"end":{"line":71,"column":56}},"9":{"start":{"line":72,"column":4},"end":{"line":74,"column":5}},"10":{"start":{"line":73,"column":6},"end":{"line":73,"column":42}},"11":{"start":{"line":77,"column":2},"end":{"line":79,"column":3}},"12":{"start":{"line":78,"column":4},"end":{"line":78,"column":29}},"13":{"start":{"line":81,"column":2},"end":{"line":83,"column":3}},"14":{"start":{"line":82,"column":4},"end":{"line":82,"column":33}},"15":{"start":{"line":85,"column":2},"end":{"line":87,"column":3}},"16":{"start":{"line":86,"column":4},"end":{"line":86,"column":29}},"17":{"start":{"line":97,"column":16},"end":{"line":97,"column":18}},"18":{"start":{"line":100,"column":2},"end":{"line":104,"column":3}},"19":{"start":{"line":101,"column":16},"end":{"line":101,"column":26}},"20":{"start":{"line":102,"column":22},"end":{"line":102,"column":74}},"21":{"start":{"line":103,"column":4},"end":{"line":103,"column":33}},"22":{"start":{"line":107,"column":2},"end":{"line":109,"column":3}},"23":{"start":{"line":108,"column":4},"end":{"line":108,"column":29}},"24":{"start":{"line":112,"column":2},"end":{"line":112,"column":22}},"25":{"start":{"line":114,"column":2},"end":{"line":114,"column":25}},"26":{"start":{"line":128,"column":2},"end":{"line":130,"column":3}},"27":{"start":{"line":129,"column":4},"end":{"line":129,"column":11}},"28":{"start":{"line":132,"column":25},"end":{"line":132,"column":58}},"29":{"start":{"line":135,"column":2},"end":{"line":153,"column":3}},"30":{"start":{"line":137,"column":4},"end":{"line":147,"column":5}},"31":{"start":{"line":138,"column":6},"end":{"line":140,"column":7}},"32":{"start":{"line":139,"column":8},"end":{"line":139,"column":66}},"33":{"start":{"line":143,"column":24},"end":{"line":143,"column":77}},"34":{"start":{"line":144,"column":6},"end":{"line":146,"column":7}},"35":{"start":{"line":145,"column":8},"end":{"line":145,"column":62}},"36":{"start":{"line":150,"column":4},"end":{"line":152,"column":5}},"37":{"start":{"line":151,"column":6},"end":{"line":151,"column":54}},"38":{"start":{"line":156,"column":22},"end":{"line":156,"column":27}},"39":{"start":{"line":157,"column":2},"end":{"line":161,"column":3}},"40":{"start":{"line":158,"column":4},"end":{"line":158,"column":27}},"41":{"start":{"line":159,"column":9},"end":{"line":161,"column":3}},"42":{"start":{"line":160,"column":4},"end":{"line":160,"column":28}},"43":{"start":{"line":164,"column":2},"end":{"line":164,"column":43}},"44":{"start":{"line":167,"column":2},"end":{"line":169,"column":3}},"45":{"start":{"line":168,"column":4},"end":{"line":168,"column":56}},"46":{"start":{"line":180,"column":2},"end":{"line":180,"column":55}},"47":{"start":{"line":191,"column":2},"end":{"line":191,"column":51}},"48":{"start":{"line":202,"column":2},"end":{"line":202,"column":49}},"49":{"start":{"line":213,"column":2},"end":{"line":213,"column":49}},"50":{"start":{"line":225,"column":2},"end":{"line":225,"column":65}},"51":{"start":{"line":229,"column":0},"end":{"line":229,"column":12}},"52":{"start":{"line":237,"column":2},"end":{"line":237,"column":90}},"53":{"start":{"line":246,"column":2},"end":{"line":246,"column":94}},"54":{"start":{"line":255,"column":2},"end":{"line":259,"column":5}}},"fnMap":{"0":{"name":"configure","decl":{"start":{"line":61,"column":16},"end":{"line":61,"column":25}},"loc":{"start":{"line":61,"column":40},"end":{"line":88,"column":1}},"line":61},"1":{"name":"formatMessage","decl":{"start":{"line":96,"column":16},"end":{"line":96,"column":29}},"loc":{"start":{"line":96,"column":46},"end":{"line":115,"column":1}},"line":96},"2":{"name":"log","decl":{"start":{"line":127,"column":16},"end":{"line":127,"column":19}},"loc":{"start":{"line":127,"column":61},"end":{"line":170,"column":1}},"line":127},"3":{"name":"verbose","decl":{"start":{"line":179,"column":16},"end":{"line":179,"column":23}},"loc":{"start":{"line":179,"column":47},"end":{"line":181,"column":1}},"line":179},"4":{"name":"debug","decl":{"start":{"line":190,"column":16},"end":{"line":190,"column":21}},"loc":{"start":{"line":190,"column":45},"end":{"line":192,"column":1}},"line":190},"5":{"name":"info","decl":{"start":{"line":201,"column":16},"end":{"line":201,"column":20}},"loc":{"start":{"line":201,"column":44},"end":{"line":203,"column":1}},"line":201},"6":{"name":"warn","decl":{"start":{"line":212,"column":16},"end":{"line":212,"column":20}},"loc":{"start":{"line":212,"column":44},"end":{"line":214,"column":1}},"line":212},"7":{"name":"error","decl":{"start":{"line":224,"column":16},"end":{"line":224,"column":21}},"loc":{"start":{"line":224,"column":59},"end":{"line":226,"column":1}},"line":224},"8":{"name":"success","decl":{"start":{"line":236,"column":16},"end":{"line":236,"column":23}},"loc":{"start":{"line":236,"column":47},"end":{"line":238,"column":1}},"line":236},"9":{"name":"highlight","decl":{"start":{"line":245,"column":16},"end":{"line":245,"column":25}},"loc":{"start":{"line":245,"column":49},"end":{"line":247,"column":1}},"line":245},"10":{"name":"important","decl":{"start":{"line":254,"column":16},"end":{"line":254,"column":25}},"loc":{"start":{"line":254,"column":49},"end":{"line":260,"column":1}},"line":254}},"branchMap":{"0":{"loc":{"start":{"line":61,"column":26},"end":{"line":61,"column":38}},"type":"default-arg","locations":[{"start":{"line":61,"column":36},"end":{"line":61,"column":38}}],"line":61},"1":{"loc":{"start":{"line":63,"column":2},"end":{"line":65,"column":3}},"type":"if","locations":[{"start":{"line":63,"column":2},"end":{"line":65,"column":3}},{"start":{},"end":{}}],"line":63},"2":{"loc":{"start":{"line":70,"column":2},"end":{"line":75,"column":3}},"type":"if","locations":[{"start":{"line":70,"column":2},"end":{"line":75,"column":3}},{"start":{},"end":{}}],"line":70},"3":{"loc":{"start":{"line":72,"column":4},"end":{"line":74,"column":5}},"type":"if","locations":[{"start":{"line":72,"column":4},"end":{"line":74,"column":5}},{"start":{},"end":{}}],"line":72},"4":{"loc":{"start":{"line":77,"column":2},"end":{"line":79,"column":3}},"type":"if","locations":[{"start":{"line":77,"column":2},"end":{"line":79,"column":3}},{"start":{},"end":{}}],"line":77},"5":{"loc":{"start":{"line":81,"column":2},"end":{"line":83,"column":3}},"type":"if","locations":[{"start":{"line":81,"column":2},"end":{"line":83,"column":3}},{"start":{},"end":{}}],"line":81},"6":{"loc":{"start":{"line":85,"column":2},"end":{"line":87,"column":3}},"type":"if","locations":[{"start":{"line":85,"column":2},"end":{"line":87,"column":3}},{"start":{},"end":{}}],"line":85},"7":{"loc":{"start":{"line":100,"column":2},"end":{"line":104,"column":3}},"type":"if","locations":[{"start":{"line":100,"column":2},"end":{"line":104,"column":3}},{"start":{},"end":{}}],"line":100},"8":{"loc":{"start":{"line":107,"column":2},"end":{"line":109,"column":3}},"type":"if","locations":[{"start":{"line":107,"column":2},"end":{"line":109,"column":3}},{"start":{},"end":{}}],"line":107},"9":{"loc":{"start":{"line":127,"column":47},"end":{"line":127,"column":59}},"type":"default-arg","locations":[{"start":{"line":127,"column":57},"end":{"line":127,"column":59}}],"line":127},"10":{"loc":{"start":{"line":128,"column":2},"end":{"line":130,"column":3}},"type":"if","locations":[{"start":{"line":128,"column":2},"end":{"line":130,"column":3}},{"start":{},"end":{}}],"line":128},"11":{"loc":{"start":{"line":135,"column":2},"end":{"line":153,"column":3}},"type":"if","locations":[{"start":{"line":135,"column":2},"end":{"line":153,"column":3}},{"start":{},"end":{}}],"line":135},"12":{"loc":{"start":{"line":137,"column":4},"end":{"line":147,"column":5}},"type":"if","locations":[{"start":{"line":137,"column":4},"end":{"line":147,"column":5}},{"start":{"line":141,"column":11},"end":{"line":147,"column":5}}],"line":137},"13":{"loc":{"start":{"line":138,"column":6},"end":{"line":140,"column":7}},"type":"if","locations":[{"start":{"line":138,"column":6},"end":{"line":140,"column":7}},{"start":{},"end":{}}],"line":138},"14":{"loc":{"start":{"line":143,"column":24},"end":{"line":143,"column":77}},"type":"binary-expr","locations":[{"start":{"line":143,"column":24},"end":{"line":143,"column":48}},{"start":{"line":143,"column":52},"end":{"line":143,"column":77}}],"line":143},"15":{"loc":{"start":{"line":144,"column":6},"end":{"line":146,"column":7}},"type":"if","locations":[{"start":{"line":144,"column":6},"end":{"line":146,"column":7}},{"start":{},"end":{}}],"line":144},"16":{"loc":{"start":{"line":144,"column":10},"end":{"line":144,"column":61}},"type":"binary-expr","locations":[{"start":{"line":144,"column":10},"end":{"line":144,"column":19}},{"start":{"line":144,"column":23},"end":{"line":144,"column":61}}],"line":144},"17":{"loc":{"start":{"line":150,"column":4},"end":{"line":152,"column":5}},"type":"if","locations":[{"start":{"line":150,"column":4},"end":{"line":152,"column":5}},{"start":{},"end":{}}],"line":150},"18":{"loc":{"start":{"line":150,"column":8},"end":{"line":150,"column":40}},"type":"binary-expr","locations":[{"start":{"line":150,"column":8},"end":{"line":150,"column":20}},{"start":{"line":150,"column":24},"end":{"line":150,"column":40}}],"line":150},"19":{"loc":{"start":{"line":157,"column":2},"end":{"line":161,"column":3}},"type":"if","locations":[{"start":{"line":157,"column":2},"end":{"line":161,"column":3}},{"start":{"line":159,"column":9},"end":{"line":161,"column":3}}],"line":157},"20":{"loc":{"start":{"line":159,"column":9},"end":{"line":161,"column":3}},"type":"if","locations":[{"start":{"line":159,"column":9},"end":{"line":161,"column":3}},{"start":{},"end":{}}],"line":159},"21":{"loc":{"start":{"line":167,"column":2},"end":{"line":169,"column":3}},"type":"if","locations":[{"start":{"line":167,"column":2},"end":{"line":169,"column":3}},{"start":{},"end":{}}],"line":167},"22":{"loc":{"start":{"line":167,"column":6},"end":{"line":167,"column":49}},"type":"binary-expr","locations":[{"start":{"line":167,"column":6},"end":{"line":167,"column":32}},{"start":{"line":167,"column":36},"end":{"line":167,"column":49}}],"line":167},"23":{"loc":{"start":{"line":168,"column":18},"end":{"line":168,"column":54}},"type":"binary-expr","locations":[{"start":{"line":168,"column":18},"end":{"line":168,"column":37}},{"start":{"line":168,"column":41},"end":{"line":168,"column":54}}],"line":168},"24":{"loc":{"start":{"line":179,"column":33},"end":{"line":179,"column":45}},"type":"default-arg","locations":[{"start":{"line":179,"column":43},"end":{"line":179,"column":45}}],"line":179},"25":{"loc":{"start":{"line":190,"column":31},"end":{"line":190,"column":43}},"type":"default-arg","locations":[{"start":{"line":190,"column":41},"end":{"line":190,"column":43}}],"line":190},"26":{"loc":{"start":{"line":201,"column":30},"end":{"line":201,"column":42}},"type":"default-arg","locations":[{"start":{"line":201,"column":40},"end":{"line":201,"column":42}}],"line":201},"27":{"loc":{"start":{"line":212,"column":30},"end":{"line":212,"column":42}},"type":"default-arg","locations":[{"start":{"line":212,"column":40},"end":{"line":212,"column":42}}],"line":212},"28":{"loc":{"start":{"line":224,"column":31},"end":{"line":224,"column":43}},"type":"default-arg","locations":[{"start":{"line":224,"column":39},"end":{"line":224,"column":43}}],"line":224},"29":{"loc":{"start":{"line":224,"column":45},"end":{"line":224,"column":57}},"type":"default-arg","locations":[{"start":{"line":224,"column":55},"end":{"line":224,"column":57}}],"line":224},"30":{"loc":{"start":{"line":236,"column":33},"end":{"line":236,"column":45}},"type":"default-arg","locations":[{"start":{"line":236,"column":43},"end":{"line":236,"column":45}}],"line":236},"31":{"loc":{"start":{"line":245,"column":35},"end":{"line":245,"column":47}},"type":"default-arg","locations":[{"start":{"line":245,"column":45},"end":{"line":245,"column":47}}],"line":245},"32":{"loc":{"start":{"line":254,"column":35},"end":{"line":254,"column":47}},"type":"default-arg","locations":[{"start":{"line":254,"column":45},"end":{"line":254,"column":47}}],"line":254}},"s":{"0":1,"1":1,"2":1,"3":1,"4":15,"5":0,"6":15,"7":15,"8":0,"9":0,"10":0,"11":15,"12":0,"13":15,"14":0,"15":15,"16":0,"17":11,"18":11,"19":0,"20":0,"21":0,"22":11,"23":10,"24":11,"25":11,"26":13,"27":2,"28":11,"29":11,"30":11,"31":1,"32":1,"33":10,"34":10,"35":10,"36":11,"37":0,"38":11,"39":11,"40":2,"41":9,"42":3,"43":11,"44":11,"45":1,"46":2,"47":2,"48":3,"49":2,"50":3,"51":1,"52":1,"53":0,"54":0},"f":{"0":15,"1":11,"2":13,"3":2,"4":2,"5":3,"6":2,"7":3,"8":1,"9":0,"10":0},"b":{"0":[1],"1":[0,15],"2":[0,15],"3":[0,0],"4":[0,15],"5":[0,15],"6":[0,15],"7":[0,11],"8":[10,1],"9":[0],"10":[2,11],"11":[11,0],"12":[1,10],"13":[1,0],"14":[10,0],"15":[10,0],"16":[10,10],"17":[0,11],"18":[11,0],"19":[2,9],"20":[3,6],"21":[1,10],"22":[11,3],"23":[1,0],"24":[2],"25":[2],"26":[3],"27":[2],"28":[2],"29":[3],"30":[1],"31":[0],"32":[0]},"_coverageSchema":"1a1c01bbd47fc00a2c39e90264f33305004495a9","hash":"701b20eb2a5c7b3e58114f6e60dabe8b70bfa1a8"}
,"/mnt/wsl/linux-dev/linux-projects/google-gas-automations/scripts/build-system/template-helper.js": {"path":"/mnt/wsl/linux-dev/linux-projects/google-gas-automations/scripts/build-system/template-helper.js","statementMap":{"0":{"start":{"line":8,"column":24},"end":{"line":8,"column":67}},"1":{"start":{"line":15,"column":2},"end":{"line":22,"column":3}},"2":{"start":{"line":16,"column":4},"end":{"line":19,"column":5}},"3":{"start":{"line":17,"column":26},"end":{"line":17,"column":78}},"4":{"start":{"line":18,"column":6},"end":{"line":18,"column":25}},"5":{"start":{"line":21,"column":4},"end":{"line":21,"column":85}},"6":{"start":{"line":23,"column":2},"end":{"line":23,"column":83}},"7":{"start":{"line":33,"column":2},"end":{"line":80,"column":3}},"8":{"start":{"line":34,"column":4},"end":{"line":37,"column":5}},"9":{"start":{"line":35,"column":6},"end":{"line":35,"column":63}},"10":{"start":{"line":36,"column":6},"end":{"line":36,"column":13}},"11":{"start":{"line":40,"column":24},"end":{"line":40,"column":41}},"12":{"start":{"line":41,"column":31},"end":{"line":48,"column":5}},"13":{"start":{"line":50,"column":28},"end":{"line":50,"column":65}},"14":{"start":{"line":53,"column":4},"end":{"line":59,"column":7}},"15":{"start":{"line":54,"column":6},"end":{"line":58,"column":7}},"16":{"start":{"line":55,"column":8},"end":{"line":55,"column":32}},"17":{"start":{"line":57,"column":8},"end":{"line":57,"column":37}},"18":{"start":{"line":62,"column":4},"end":{"line":68,"column":7}},"19":{"start":{"line":63,"column":6},"end":{"line":67,"column":7}},"20":{"start":{"line":64,"column":8},"end":{"line":64,"column":51}},"21":{"start":{"line":66,"column":8},"end":{"line":66,"column":37}},"22":{"start":{"line":70,"column":21},"end":{"line":70,"column":56}},"23":{"start":{"line":71,"column":19},"end":{"line":71,"column":47}},"24":{"start":{"line":74,"column":4},"end":{"line":74,"column":52}},"25":{"start":{"line":76,"column":4},"end":{"line":76,"column":41}},"26":{"start":{"line":77,"column":4},"end":{"line":77,"column":59}},"27":{"start":{"line":79,"column":4},"end":{"line":79,"column":88}},"28":{"start":{"line":90,"column":2},"end":{"line":388,"column":3}},"29":{"start":{"line":91,"column":26},"end":{"line":91,"column":53}},"30":{"start":{"line":92,"column":4},"end":{"line":96,"column":5}},"31":{"start":{"line":93,"column":6},"end":{"line":93,"column":78}},"32":{"start":{"line":95,"column":6},"end":{"line":95,"column":81}},"33":{"start":{"line":102,"column":4},"end":{"line":134,"column":5}},"34":{"start":{"line":103,"column":6},"end":{"line":103,"column":58}},"35":{"start":{"line":107,"column":9},"end":{"line":134,"column":5}},"36":{"start":{"line":112,"column":6},"end":{"line":112,"column":63}},"37":{"start":{"line":116,"column":9},"end":{"line":134,"column":5}},"38":{"start":{"line":117,"column":6},"end":{"line":117,"column":45}},"39":{"start":{"line":123,"column":6},"end":{"line":128,"column":7}},"40":{"start":{"line":124,"column":8},"end":{"line":126,"column":10}},"41":{"start":{"line":127,"column":8},"end":{"line":127,"column":20}},"42":{"start":{"line":130,"column":6},"end":{"line":132,"column":8}},"43":{"start":{"line":133,"column":6},"end":{"line":133,"column":21}},"44":{"start":{"line":137,"column":29},"end":{"line":137,"column":80}},"45":{"start":{"line":138,"column":4},"end":{"line":142,"column":5}},"46":{"start":{"line":139,"column":6},"end":{"line":141,"column":8}},"47":{"start":{"line":145,"column":23},"end":{"line":145,"column":32}},"48":{"start":{"line":146,"column":21},"end":{"line":146,"column":23}},"49":{"start":{"line":148,"column":4},"end":{"line":168,"column":5}},"50":{"start":{"line":150,"column":6},"end":{"line":159,"column":7}},"51":{"start":{"line":151,"column":24},"end":{"line":151,"column":38}},"52":{"start":{"line":152,"column":8},"end":{"line":158,"column":9}},"53":{"start":{"line":154,"column":10},"end":{"line":157,"column":11}},"54":{"start":{"line":155,"column":12},"end":{"line":155,"column":55}},"55":{"start":{"line":156,"column":12},"end":{"line":156,"column":48}},"56":{"start":{"line":162,"column":6},"end":{"line":167,"column":7}},"57":{"start":{"line":163,"column":8},"end":{"line":166,"column":9}},"58":{"start":{"line":164,"column":10},"end":{"line":164,"column":49}},"59":{"start":{"line":165,"column":10},"end":{"line":165,"column":38}},"60":{"start":{"line":171,"column":21},"end":{"line":171,"column":30}},"61":{"start":{"line":172,"column":25},"end":{"line":172,"column":27}},"62":{"start":{"line":173,"column":23},"end":{"line":173,"column":25}},"63":{"start":{"line":174,"column":24},"end":{"line":174,"column":26}},"64":{"start":{"line":177,"column":25},"end":{"line":177,"column":51}},"65":{"start":{"line":180,"column":4},"end":{"line":188,"column":5}},"66":{"start":{"line":181,"column":6},"end":{"line":187,"column":9}},"67":{"start":{"line":182,"column":8},"end":{"line":186,"column":9}},"68":{"start":{"line":183,"column":10},"end":{"line":183,"column":46}},"69":{"start":{"line":184,"column":15},"end":{"line":186,"column":9}},"70":{"start":{"line":185,"column":10},"end":{"line":185,"column":51}},"71":{"start":{"line":191,"column":4},"end":{"line":199,"column":5}},"72":{"start":{"line":192,"column":6},"end":{"line":198,"column":9}},"73":{"start":{"line":193,"column":8},"end":{"line":197,"column":9}},"74":{"start":{"line":194,"column":10},"end":{"line":194,"column":39}},"75":{"start":{"line":195,"column":15},"end":{"line":197,"column":9}},"76":{"start":{"line":196,"column":10},"end":{"line":196,"column":44}},"77":{"start":{"line":202,"column":4},"end":{"line":210,"column":5}},"78":{"start":{"line":203,"column":6},"end":{"line":209,"column":9}},"79":{"start":{"line":204,"column":8},"end":{"line":208,"column":9}},"80":{"start":{"line":205,"column":10},"end":{"line":205,"column":40}},"81":{"start":{"line":206,"column":15},"end":{"line":208,"column":9}},"82":{"start":{"line":207,"column":10},"end":{"line":207,"column":45}},"83":{"start":{"line":213,"column":26},"end":{"line":219,"column":5}},"84":{"start":{"line":222,"column":20},"end":{"line":244,"column":5}},"85":{"start":{"line":228,"column":50},"end":{"line":228,"column":60}},"86":{"start":{"line":229,"column":56},"end":{"line":229,"column":72}},"87":{"start":{"line":250,"column":35},"end":{"line":250,"column":44}},"88":{"start":{"line":253,"column":4},"end":{"line":261,"column":5}},"89":{"start":{"line":254,"column":6},"end":{"line":260,"column":7}},"90":{"start":{"line":255,"column":31},"end":{"line":255,"column":69}},"91":{"start":{"line":256,"column":8},"end":{"line":259,"column":11}},"92":{"start":{"line":264,"column":4},"end":{"line":272,"column":5}},"93":{"start":{"line":265,"column":6},"end":{"line":271,"column":7}},"94":{"start":{"line":266,"column":31},"end":{"line":266,"column":56}},"95":{"start":{"line":267,"column":8},"end":{"line":270,"column":11}},"96":{"start":{"line":275,"column":25},"end":{"line":275,"column":69}},"97":{"start":{"line":278,"column":27},"end":{"line":293,"column":6}},"98":{"start":{"line":280,"column":6},"end":{"line":282,"column":7}},"99":{"start":{"line":281,"column":8},"end":{"line":281,"column":31}},"100":{"start":{"line":284,"column":6},"end":{"line":286,"column":7}},"101":{"start":{"line":285,"column":8},"end":{"line":285,"column":25}},"102":{"start":{"line":288,"column":6},"end":{"line":290,"column":7}},"103":{"start":{"line":289,"column":8},"end":{"line":289,"column":34}},"104":{"start":{"line":292,"column":6},"end":{"line":292,"column":19}},"105":{"start":{"line":296,"column":4},"end":{"line":377,"column":5}},"106":{"start":{"line":297,"column":29},"end":{"line":297,"column":48}},"107":{"start":{"line":298,"column":32},"end":{"line":298,"column":60}},"108":{"start":{"line":301,"column":29},"end":{"line":301,"column":40}},"109":{"start":{"line":304,"column":6},"end":{"line":325,"column":7}},"110":{"start":{"line":305,"column":8},"end":{"line":313,"column":9}},"111":{"start":{"line":306,"column":10},"end":{"line":306,"column":53}},"112":{"start":{"line":308,"column":10},"end":{"line":308,"column":53}},"113":{"start":{"line":309,"column":10},"end":{"line":312,"column":11}},"114":{"start":{"line":310,"column":12},"end":{"line":310,"column":54}},"115":{"start":{"line":311,"column":12},"end":{"line":311,"column":48}},"116":{"start":{"line":317,"column":11},"end":{"line":325,"column":7}},"117":{"start":{"line":318,"column":8},"end":{"line":318,"column":50}},"118":{"start":{"line":319,"column":8},"end":{"line":319,"column":44}},"119":{"start":{"line":323,"column":11},"end":{"line":325,"column":7}},"120":{"start":{"line":324,"column":8},"end":{"line":324,"column":54}},"121":{"start":{"line":327,"column":27},"end":{"line":327,"column":87}},"122":{"start":{"line":328,"column":6},"end":{"line":328,"column":85}},"123":{"start":{"line":331,"column":24},"end":{"line":331,"column":90}},"124":{"start":{"line":333,"column":25},"end":{"line":333,"column":66}},"125":{"start":{"line":336,"column":6},"end":{"line":336,"column":57}},"126":{"start":{"line":353,"column":6},"end":{"line":353,"column":66}},"127":{"start":{"line":356,"column":6},"end":{"line":372,"column":7}},"128":{"start":{"line":357,"column":8},"end":{"line":357,"column":69}},"129":{"start":{"line":358,"column":8},"end":{"line":358,"column":48}},"130":{"start":{"line":361,"column":26},"end":{"line":361,"column":97}},"131":{"start":{"line":362,"column":8},"end":{"line":371,"column":9}},"132":{"start":{"line":363,"column":10},"end":{"line":363,"column":29}},"133":{"start":{"line":364,"column":10},"end":{"line":364,"column":65}},"134":{"start":{"line":366,"column":10},"end":{"line":368,"column":12}},"135":{"start":{"line":369,"column":10},"end":{"line":369,"column":74}},"136":{"start":{"line":370,"column":10},"end":{"line":370,"column":85}},"137":{"start":{"line":374,"column":6},"end":{"line":374,"column":71}},"138":{"start":{"line":375,"column":6},"end":{"line":375,"column":42}},"139":{"start":{"line":376,"column":6},"end":{"line":376,"column":73}},"140":{"start":{"line":379,"column":4},"end":{"line":381,"column":6}},"141":{"start":{"line":383,"column":4},"end":{"line":386,"column":6}},"142":{"start":{"line":387,"column":4},"end":{"line":387,"column":16}}},"fnMap":{"0":{"name":"loadVersionInfo","decl":{"start":{"line":14,"column":16},"end":{"line":14,"column":31}},"loc":{"start":{"line":14,"column":34},"end":{"line":24,"column":1}},"line":14},"1":{"name":"processTemplate","decl":{"start":{"line":32,"column":16},"end":{"line":32,"column":31}},"loc":{"start":{"line":32,"column":67},"end":{"line":81,"column":1}},"line":32},"2":{"name":"(anonymous_2)","decl":{"start":{"line":53,"column":40},"end":{"line":53,"column":41}},"loc":{"start":{"line":53,"column":72},"end":{"line":59,"column":5}},"line":53},"3":{"name":"(anonymous_3)","decl":{"start":{"line":62,"column":38},"end":{"line":62,"column":39}},"loc":{"start":{"line":62,"column":64},"end":{"line":68,"column":5}},"line":62},"4":{"name":"processProjectTemplates","decl":{"start":{"line":89,"column":16},"end":{"line":89,"column":39}},"loc":{"start":{"line":89,"column":84},"end":{"line":389,"column":1}},"line":89},"5":{"name":"(anonymous_5)","decl":{"start":{"line":181,"column":37},"end":{"line":181,"column":38}},"loc":{"start":{"line":181,"column":51},"end":{"line":187,"column":7}},"line":181},"6":{"name":"(anonymous_6)","decl":{"start":{"line":192,"column":42},"end":{"line":192,"column":43}},"loc":{"start":{"line":192,"column":51},"end":{"line":198,"column":7}},"line":192},"7":{"name":"(anonymous_7)","decl":{"start":{"line":203,"column":43},"end":{"line":203,"column":44}},"loc":{"start":{"line":203,"column":52},"end":{"line":209,"column":7}},"line":203},"8":{"name":"(anonymous_8)","decl":{"start":{"line":228,"column":43},"end":{"line":228,"column":44}},"loc":{"start":{"line":228,"column":50},"end":{"line":228,"column":60}},"line":228},"9":{"name":"(anonymous_9)","decl":{"start":{"line":229,"column":49},"end":{"line":229,"column":50}},"loc":{"start":{"line":229,"column":56},"end":{"line":229,"column":72}},"line":229},"10":{"name":"(anonymous_10)","decl":{"start":{"line":278,"column":68},"end":{"line":278,"column":69}},"loc":{"start":{"line":278,"column":84},"end":{"line":293,"column":5}},"line":278}},"branchMap":{"0":{"loc":{"start":{"line":16,"column":4},"end":{"line":19,"column":5}},"type":"if","locations":[{"start":{"line":16,"column":4},"end":{"line":19,"column":5}},{"start":{},"end":{}}],"line":16},"1":{"loc":{"start":{"line":34,"column":4},"end":{"line":37,"column":5}},"type":"if","locations":[{"start":{"line":34,"column":4},"end":{"line":37,"column":5}},{"start":{},"end":{}}],"line":34},"2":{"loc":{"start":{"line":54,"column":6},"end":{"line":58,"column":7}},"type":"if","locations":[{"start":{"line":54,"column":6},"end":{"line":58,"column":7}},{"start":{"line":56,"column":13},"end":{"line":58,"column":7}}],"line":54},"3":{"loc":{"start":{"line":63,"column":6},"end":{"line":67,"column":7}},"type":"if","locations":[{"start":{"line":63,"column":6},"end":{"line":67,"column":7}},{"start":{"line":65,"column":13},"end":{"line":67,"column":7}}],"line":63},"4":{"loc":{"start":{"line":63,"column":10},"end":{"line":63,"column":35}},"type":"binary-expr","locations":[{"start":{"line":63,"column":10},"end":{"line":63,"column":15}},{"start":{"line":63,"column":19},"end":{"line":63,"column":35}}],"line":63},"5":{"loc":{"start":{"line":89,"column":73},"end":{"line":89,"column":82}},"type":"default-arg","locations":[{"start":{"line":89,"column":80},"end":{"line":89,"column":82}}],"line":89},"6":{"loc":{"start":{"line":92,"column":4},"end":{"line":96,"column":5}},"type":"if","locations":[{"start":{"line":92,"column":4},"end":{"line":96,"column":5}},{"start":{},"end":{}}],"line":92},"7":{"loc":{"start":{"line":102,"column":4},"end":{"line":134,"column":5}},"type":"if","locations":[{"start":{"line":102,"column":4},"end":{"line":134,"column":5}},{"start":{"line":107,"column":9},"end":{"line":134,"column":5}}],"line":102},"8":{"loc":{"start":{"line":102,"column":8},"end":{"line":102,"column":77}},"type":"binary-expr","locations":[{"start":{"line":102,"column":8},"end":{"line":102,"column":34}},{"start":{"line":102,"column":38},"end":{"line":102,"column":77}}],"line":102},"9":{"loc":{"start":{"line":107,"column":9},"end":{"line":134,"column":5}},"type":"if","locations":[{"start":{"line":107,"column":9},"end":{"line":134,"column":5}},{"start":{"line":116,"column":9},"end":{"line":134,"column":5}}],"line":107},"10":{"loc":{"start":{"line":108,"column":6},"end":{"line":110,"column":50}},"type":"binary-expr","locations":[{"start":{"line":108,"column":6},"end":{"line":108,"column":25}},{"start":{"line":109,"column":6},"end":{"line":109,"column":38}},{"start":{"line":110,"column":6},"end":{"line":110,"column":50}}],"line":108},"11":{"loc":{"start":{"line":116,"column":9},"end":{"line":134,"column":5}},"type":"if","locations":[{"start":{"line":116,"column":9},"end":{"line":134,"column":5}},{"start":{"line":121,"column":9},"end":{"line":134,"column":5}}],"line":116},"12":{"loc":{"start":{"line":123,"column":6},"end":{"line":128,"column":7}},"type":"if","locations":[{"start":{"line":123,"column":6},"end":{"line":128,"column":7}},{"start":{},"end":{}}],"line":123},"13":{"loc":{"start":{"line":138,"column":4},"end":{"line":142,"column":5}},"type":"if","locations":[{"start":{"line":138,"column":4},"end":{"line":142,"column":5}},{"start":{},"end":{}}],"line":138},"14":{"loc":{"start":{"line":148,"column":4},"end":{"line":168,"column":5}},"type":"if","locations":[{"start":{"line":148,"column":4},"end":{"line":168,"column":5}},{"start":{"line":160,"column":11},"end":{"line":168,"column":5}}],"line":148},"15":{"loc":{"start":{"line":152,"column":8},"end":{"line":158,"column":9}},"type":"if","locations":[{"start":{"line":152,"column":8},"end":{"line":158,"column":9}},{"start":{},"end":{}}],"line":152},"16":{"loc":{"start":{"line":154,"column":10},"end":{"line":157,"column":11}},"type":"if","locations":[{"start":{"line":154,"column":10},"end":{"line":157,"column":11}},{"start":{},"end":{}}],"line":154},"17":{"loc":{"start":{"line":163,"column":8},"end":{"line":166,"column":9}},"type":"if","locations":[{"start":{"line":163,"column":8},"end":{"line":166,"column":9}},{"start":{},"end":{}}],"line":163},"18":{"loc":{"start":{"line":163,"column":12},"end":{"line":163,"column":48}},"type":"binary-expr","locations":[{"start":{"line":163,"column":12},"end":{"line":163,"column":21}},{"start":{"line":163,"column":25},"end":{"line":163,"column":48}}],"line":163},"19":{"loc":{"start":{"line":177,"column":25},"end":{"line":177,"column":51}},"type":"binary-expr","locations":[{"start":{"line":177,"column":25},"end":{"line":177,"column":45}},{"start":{"line":177,"column":49},"end":{"line":177,"column":51}}],"line":177},"20":{"loc":{"start":{"line":180,"column":4},"end":{"line":188,"column":5}},"type":"if","locations":[{"start":{"line":180,"column":4},"end":{"line":188,"column":5}},{"start":{},"end":{}}],"line":180},"21":{"loc":{"start":{"line":180,"column":8},"end":{"line":180,"column":71}},"type":"binary-expr","locations":[{"start":{"line":180,"column":8},"end":{"line":180,"column":30}},{"start":{"line":180,"column":34},"end":{"line":180,"column":71}}],"line":180},"22":{"loc":{"start":{"line":182,"column":8},"end":{"line":186,"column":9}},"type":"if","locations":[{"start":{"line":182,"column":8},"end":{"line":186,"column":9}},{"start":{"line":184,"column":15},"end":{"line":186,"column":9}}],"line":182},"23":{"loc":{"start":{"line":184,"column":15},"end":{"line":186,"column":9}},"type":"if","locations":[{"start":{"line":184,"column":15},"end":{"line":186,"column":9}},{"start":{},"end":{}}],"line":184},"24":{"loc":{"start":{"line":191,"column":4},"end":{"line":199,"column":5}},"type":"if","locations":[{"start":{"line":191,"column":4},"end":{"line":199,"column":5}},{"start":{},"end":{}}],"line":191},"25":{"loc":{"start":{"line":191,"column":8},"end":{"line":191,"column":81}},"type":"binary-expr","locations":[{"start":{"line":191,"column":8},"end":{"line":191,"column":35}},{"start":{"line":191,"column":39},"end":{"line":191,"column":81}}],"line":191},"26":{"loc":{"start":{"line":193,"column":8},"end":{"line":197,"column":9}},"type":"if","locations":[{"start":{"line":193,"column":8},"end":{"line":197,"column":9}},{"start":{"line":195,"column":15},"end":{"line":197,"column":9}}],"line":193},"27":{"loc":{"start":{"line":195,"column":15},"end":{"line":197,"column":9}},"type":"if","locations":[{"start":{"line":195,"column":15},"end":{"line":197,"column":9}},{"start":{},"end":{}}],"line":195},"28":{"loc":{"start":{"line":202,"column":4},"end":{"line":210,"column":5}},"type":"if","locations":[{"start":{"line":202,"column":4},"end":{"line":210,"column":5}},{"start":{},"end":{}}],"line":202},"29":{"loc":{"start":{"line":202,"column":8},"end":{"line":202,"column":83}},"type":"binary-expr","locations":[{"start":{"line":202,"column":8},"end":{"line":202,"column":36}},{"start":{"line":202,"column":40},"end":{"line":202,"column":83}}],"line":202},"30":{"loc":{"start":{"line":204,"column":8},"end":{"line":208,"column":9}},"type":"if","locations":[{"start":{"line":204,"column":8},"end":{"line":208,"column":9}},{"start":{"line":206,"column":15},"end":{"line":208,"column":9}}],"line":204},"31":{"loc":{"start":{"line":206,"column":15},"end":{"line":208,"column":9}},"type":"if","locations":[{"start":{"line":206,"column":15},"end":{"line":208,"column":9}},{"start":{},"end":{}}],"line":206},"32":{"loc":{"start":{"line":228,"column":16},"end":{"line":228,"column":94}},"type":"binary-expr","locations":[{"start":{"line":228,"column":16},"end":{"line":228,"column":71}},{"start":{"line":228,"column":75},"end":{"line":228,"column":94}}],"line":228},"33":{"loc":{"start":{"line":229,"column":22},"end":{"line":229,"column":97}},"type":"binary-expr","locations":[{"start":{"line":229,"column":22},"end":{"line":229,"column":89}},{"start":{"line":229,"column":93},"end":{"line":229,"column":97}}],"line":229},"34":{"loc":{"start":{"line":231,"column":8},"end":{"line":231,"column":98}},"type":"binary-expr","locations":[{"start":{"line":231,"column":9},"end":{"line":231,"column":31}},{"start":{"line":231,"column":35},"end":{"line":231,"column":91}},{"start":{"line":231,"column":96},"end":{"line":231,"column":98}}],"line":231},"35":{"loc":{"start":{"line":232,"column":20},"end":{"line":232,"column":52}},"type":"binary-expr","locations":[{"start":{"line":232,"column":20},"end":{"line":232,"column":46}},{"start":{"line":232,"column":50},"end":{"line":232,"column":52}}],"line":232},"36":{"loc":{"start":{"line":233,"column":20},"end":{"line":233,"column":52}},"type":"binary-expr","locations":[{"start":{"line":233,"column":20},"end":{"line":233,"column":46}},{"start":{"line":233,"column":50},"end":{"line":233,"column":52}}],"line":233},"37":{"loc":{"start":{"line":234,"column":18},"end":{"line":234,"column":48}},"type":"binary-expr","locations":[{"start":{"line":234,"column":18},"end":{"line":234,"column":42}},{"start":{"line":234,"column":46},"end":{"line":234,"column":48}}],"line":234},"38":{"loc":{"start":{"line":235,"column":19},"end":{"line":235,"column":50}},"type":"binary-expr","locations":[{"start":{"line":235,"column":19},"end":{"line":235,"column":44}},{"start":{"line":235,"column":48},"end":{"line":235,"column":50}}],"line":235},"39":{"loc":{"start":{"line":236,"column":20},"end":{"line":236,"column":52}},"type":"binary-expr","locations":[{"start":{"line":236,"column":20},"end":{"line":236,"column":46}},{"start":{"line":236,"column":50},"end":{"line":236,"column":52}}],"line":236},"40":{"loc":{"start":{"line":253,"column":4},"end":{"line":261,"column":5}},"type":"if","locations":[{"start":{"line":253,"column":4},"end":{"line":261,"column":5}},{"start":{},"end":{}}],"line":253},"41":{"loc":{"start":{"line":265,"column":6},"end":{"line":271,"column":7}},"type":"if","locations":[{"start":{"line":265,"column":6},"end":{"line":271,"column":7}},{"start":{},"end":{}}],"line":265},"42":{"loc":{"start":{"line":265,"column":10},"end":{"line":265,"column":85}},"type":"binary-expr","locations":[{"start":{"line":265,"column":10},"end":{"line":265,"column":43}},{"start":{"line":265,"column":47},"end":{"line":265,"column":85}}],"line":265},"43":{"loc":{"start":{"line":275,"column":25},"end":{"line":275,"column":69}},"type":"binary-expr","locations":[{"start":{"line":275,"column":25},"end":{"line":275,"column":53}},{"start":{"line":275,"column":57},"end":{"line":275,"column":69}}],"line":275},"44":{"loc":{"start":{"line":280,"column":6},"end":{"line":282,"column":7}},"type":"if","locations":[{"start":{"line":280,"column":6},"end":{"line":282,"column":7}},{"start":{},"end":{}}],"line":280},"45":{"loc":{"start":{"line":284,"column":6},"end":{"line":286,"column":7}},"type":"if","locations":[{"start":{"line":284,"column":6},"end":{"line":286,"column":7}},{"start":{},"end":{}}],"line":284},"46":{"loc":{"start":{"line":288,"column":6},"end":{"line":290,"column":7}},"type":"if","locations":[{"start":{"line":288,"column":6},"end":{"line":290,"column":7}},{"start":{},"end":{}}],"line":288},"47":{"loc":{"start":{"line":304,"column":6},"end":{"line":325,"column":7}},"type":"if","locations":[{"start":{"line":304,"column":6},"end":{"line":325,"column":7}},{"start":{"line":317,"column":11},"end":{"line":325,"column":7}}],"line":304},"48":{"loc":{"start":{"line":305,"column":8},"end":{"line":313,"column":9}},"type":"if","locations":[{"start":{"line":305,"column":8},"end":{"line":313,"column":9}},{"start":{"line":307,"column":15},"end":{"line":313,"column":9}}],"line":305},"49":{"loc":{"start":{"line":309,"column":10},"end":{"line":312,"column":11}},"type":"if","locations":[{"start":{"line":309,"column":10},"end":{"line":312,"column":11}},{"start":{},"end":{}}],"line":309},"50":{"loc":{"start":{"line":317,"column":11},"end":{"line":325,"column":7}},"type":"if","locations":[{"start":{"line":317,"column":11},"end":{"line":325,"column":7}},{"start":{"line":323,"column":11},"end":{"line":325,"column":7}}],"line":317},"51":{"loc":{"start":{"line":323,"column":11},"end":{"line":325,"column":7}},"type":"if","locations":[{"start":{"line":323,"column":11},"end":{"line":325,"column":7}},{"start":{},"end":{}}],"line":323},"52":{"loc":{"start":{"line":356,"column":6},"end":{"line":372,"column":7}},"type":"if","locations":[{"start":{"line":356,"column":6},"end":{"line":372,"column":7}},{"start":{},"end":{}}],"line":356},"53":{"loc":{"start":{"line":361,"column":65},"end":{"line":361,"column":96}},"type":"binary-expr","locations":[{"start":{"line":361,"column":65},"end":{"line":361,"column":82}},{"start":{"line":361,"column":86},"end":{"line":361,"column":96}}],"line":361},"54":{"loc":{"start":{"line":362,"column":8},"end":{"line":371,"column":9}},"type":"if","locations":[{"start":{"line":362,"column":8},"end":{"line":371,"column":9}},{"start":{"line":365,"column":15},"end":{"line":371,"column":9}}],"line":362}},"s":{"0":1,"1":16,"2":16,"3":15,"4":4,"5":11,"6":12,"7":14,"8":14,"9":1,"10":1,"11":13,"12":13,"13":13,"14":13,"15":0,"16":0,"17":0,"18":13,"19":0,"20":0,"21":0,"22":13,"23":12,"24":12,"25":12,"26":11,"27":2,"28":7,"29":7,"30":7,"31":1,"32":1,"33":6,"34":3,"35":3,"36":1,"37":2,"38":1,"39":1,"40":1,"41":1,"42":0,"43":0,"44":5,"45":5,"46":5,"47":5,"48":5,"49":5,"50":0,"51":0,"52":0,"53":0,"54":0,"55":0,"56":5,"57":0,"58":0,"59":0,"60":5,"61":5,"62":5,"63":5,"64":5,"65":5,"66":0,"67":0,"68":0,"69":0,"70":0,"71":5,"72":0,"73":0,"74":0,"75":0,"76":0,"77":5,"78":0,"79":0,"80":0,"81":0,"82":0,"83":5,"84":5,"85":0,"86":0,"87":5,"88":5,"89":5,"90":9,"91":9,"92":5,"93":7,"94":0,"95":0,"96":5,"97":5,"98":5,"99":0,"100":5,"101":0,"102":5,"103":0,"104":5,"105":5,"106":9,"107":9,"108":9,"109":9,"110":1,"111":1,"112":0,"113":0,"114":0,"115":0,"116":8,"117":0,"118":0,"119":8,"120":0,"121":9,"122":9,"123":9,"124":9,"125":9,"126":9,"127":9,"128":0,"129":0,"130":0,"131":0,"132":0,"133":0,"134":0,"135":0,"136":0,"137":9,"138":9,"139":9,"140":5,"141":1,"142":1},"f":{"0":16,"1":14,"2":0,"3":0,"4":7,"5":0,"6":0,"7":0,"8":0,"9":0,"10":5},"b":{"0":[15,1],"1":[1,13],"2":[0,0],"3":[0,0],"4":[0,0],"5":[0],"6":[1,6],"7":[3,3],"8":[6,4],"9":[1,2],"10":[3,1,1],"11":[1,1],"12":[1,0],"13":[5,0],"14":[0,5],"15":[0,0],"16":[0,0],"17":[0,0],"18":[0,0],"19":[5,5],"20":[0,5],"21":[5,0],"22":[0,0],"23":[0,0],"24":[0,5],"25":[5,0],"26":[0,0],"27":[0,0],"28":[0,5],"29":[5,0],"30":[0,0],"31":[0,0],"32":[5,5],"33":[5,5],"34":[5,3,5],"35":[5,5],"36":[5,5],"37":[5,5],"38":[5,5],"39":[5,5],"40":[5,0],"41":[0,7],"42":[7,7],"43":[5,5],"44":[0,5],"45":[0,5],"46":[0,5],"47":[1,8],"48":[1,0],"49":[0,0],"50":[0,8],"51":[0,8],"52":[0,9],"53":[0,0],"54":[0,0]},"_coverageSchema":"1a1c01bbd47fc00a2c39e90264f33305004495a9","hash":"bf688b65e3043eecb68940a40dfafff3aa0a8410"}
,"/mnt/wsl/linux-dev/linux-projects/google-gas-automations/src/commons/utils.ts": {"path":"/mnt/wsl/linux-dev/linux-projects/google-gas-automations/src/commons/utils.ts","statementMap":{"0":{"start":{"line":11,"column":0},"end":{"line":11,"column":16}},"1":{"start":{"line":33,"column":0},"end":{"line":33,"column":16}},"2":{"start":{"line":49,"column":0},"end":{"line":49,"column":16}},"3":{"start":{"line":12,"column":2},"end":{"line":14,"column":3}},"4":{"start":{"line":13,"column":4},"end":{"line":13,"column":67}},"5":{"start":{"line":20,"column":14},"end":{"line":20,"column":53}},"6":{"start":{"line":21,"column":14},"end":{"line":21,"column":58}},"7":{"start":{"line":22,"column":14},"end":{"line":22,"column":32}},"8":{"start":{"line":24,"column":2},"end":{"line":24,"column":32}},"9":{"start":{"line":34,"column":2},"end":{"line":36,"column":3}},"10":{"start":{"line":35,"column":4},"end":{"line":35,"column":68}},"11":{"start":{"line":38,"column":2},"end":{"line":41,"column":5}},"12":{"start":{"line":50,"column":2},"end":{"line":52,"column":3}},"13":{"start":{"line":51,"column":4},"end":{"line":51,"column":75}},"14":{"start":{"line":54,"column":2},"end":{"line":56,"column":3}},"15":{"start":{"line":55,"column":4},"end":{"line":55,"column":17}},"16":{"start":{"line":59,"column":2},"end":{"line":61,"column":3}},"17":{"start":{"line":60,"column":4},"end":{"line":60,"column":17}},"18":{"start":{"line":64,"column":22},"end":{"line":64,"column":50}},"19":{"start":{"line":65,"column":2},"end":{"line":67,"column":3}},"20":{"start":{"line":66,"column":4},"end":{"line":66,"column":17}},"21":{"start":{"line":70,"column":17},"end":{"line":70,"column":33}},"22":{"start":{"line":71,"column":18},"end":{"line":71,"column":27}},"23":{"start":{"line":74,"column":2},"end":{"line":76,"column":3}},"24":{"start":{"line":75,"column":4},"end":{"line":75,"column":17}},"25":{"start":{"line":79,"column":14},"end":{"line":79,"column":44}},"26":{"start":{"line":80,"column":2},"end":{"line":82,"column":3}},"27":{"start":{"line":81,"column":4},"end":{"line":81,"column":17}},"28":{"start":{"line":84,"column":2},"end":{"line":84,"column":14}}},"fnMap":{"0":{"name":"formatarData","decl":{"start":{"line":11,"column":16},"end":{"line":11,"column":28}},"loc":{"start":{"line":11,"column":39},"end":{"line":25,"column":1}}},"1":{"name":"formatarMoeda","decl":{"start":{"line":33,"column":16},"end":{"line":33,"column":29}},"loc":{"start":{"line":33,"column":43},"end":{"line":42,"column":1}}},"2":{"name":"validarEmail","decl":{"start":{"line":49,"column":16},"end":{"line":49,"column":28}},"loc":{"start":{"line":49,"column":42},"end":{"line":85,"column":1}}}},"branchMap":{"0":{"loc":{"start":{"line":12,"column":2},"end":{"line":14,"column":3}},"type":"if","locations":[{"start":{"line":12,"column":2},"end":{"line":14,"column":3}}]},"1":{"loc":{"start":{"line":12,"column":6},"end":{"line":12,"column":54}},"type":"binary-expr","locations":[{"start":{"line":12,"column":6},"end":{"line":12,"column":29}},{"start":{"line":12,"column":33},"end":{"line":12,"column":54}}]},"2":{"loc":{"start":{"line":34,"column":2},"end":{"line":36,"column":3}},"type":"if","locations":[{"start":{"line":34,"column":2},"end":{"line":36,"column":3}}]},"3":{"loc":{"start":{"line":34,"column":6},"end":{"line":34,"column":47}},"type":"binary-expr","locations":[{"start":{"line":34,"column":6},"end":{"line":34,"column":31}},{"start":{"line":34,"column":35},"end":{"line":34,"column":47}}]},"4":{"loc":{"start":{"line":50,"column":2},"end":{"line":52,"column":3}},"type":"if","locations":[{"start":{"line":50,"column":2},"end":{"line":52,"column":3}}]},"5":{"loc":{"start":{"line":50,"column":6},"end":{"line":50,"column":51}},"type":"binary-expr","locations":[{"start":{"line":50,"column":6},"end":{"line":50,"column":12}},{"start":{"line":50,"column":16},"end":{"line":50,"column":35}},{"start":{"line":50,"column":39},"end":{"line":50,"column":51}}]},"6":{"loc":{"start":{"line":54,"column":2},"end":{"line":56,"column":3}},"type":"if","locations":[{"start":{"line":54,"column":2},"end":{"line":56,"column":3}}]},"7":{"loc":{"start":{"line":59,"column":2},"end":{"line":61,"column":3}},"type":"if","locations":[{"start":{"line":59,"column":2},"end":{"line":61,"column":3}}]},"8":{"loc":{"start":{"line":65,"column":2},"end":{"line":67,"column":3}},"type":"if","locations":[{"start":{"line":65,"column":2},"end":{"line":67,"column":3}}]},"9":{"loc":{"start":{"line":74,"column":2},"end":{"line":76,"column":3}},"type":"if","locations":[{"start":{"line":74,"column":2},"end":{"line":76,"column":3}}]},"10":{"loc":{"start":{"line":79,"column":14},"end":{"line":79,"column":44}},"type":"binary-expr","locations":[{"start":{"line":79,"column":14},"end":{"line":79,"column":38}},{"start":{"line":79,"column":42},"end":{"line":79,"column":44}}]},"11":{"loc":{"start":{"line":80,"column":2},"end":{"line":82,"column":3}},"type":"if","locations":[{"start":{"line":80,"column":2},"end":{"line":82,"column":3}}]}},"s":{"0":1,"1":1,"2":1,"3":10,"4":3,"5":7,"6":7,"7":7,"8":7,"9":14,"10":3,"11":11,"12":29,"13":3,"14":26,"15":3,"16":23,"17":1,"18":22,"19":22,"20":9,"21":13,"22":13,"23":13,"24":2,"25":11,"26":11,"27":3,"28":8},"f":{"0":10,"1":14,"2":29},"b":{"0":[3],"1":[10,7],"2":[3],"3":[14,11],"4":[3],"5":[29,26,26],"6":[3],"7":[1],"8":[9],"9":[2],"10":[11,1],"11":[3]}}
}
