{"/mnt/wsl/linux-dev/linux-projects/google-gas-automations/src/commons/utils.ts": {"path":"/mnt/wsl/linux-dev/linux-projects/google-gas-automations/src/commons/utils.ts","statementMap":{"0":{"start":{"line":11,"column":0},"end":{"line":11,"column":16}},"1":{"start":{"line":33,"column":0},"end":{"line":33,"column":16}},"2":{"start":{"line":49,"column":0},"end":{"line":49,"column":16}},"3":{"start":{"line":12,"column":2},"end":{"line":14,"column":3}},"4":{"start":{"line":13,"column":4},"end":{"line":13,"column":67}},"5":{"start":{"line":20,"column":14},"end":{"line":20,"column":53}},"6":{"start":{"line":21,"column":14},"end":{"line":21,"column":58}},"7":{"start":{"line":22,"column":14},"end":{"line":22,"column":32}},"8":{"start":{"line":24,"column":2},"end":{"line":24,"column":32}},"9":{"start":{"line":34,"column":2},"end":{"line":36,"column":3}},"10":{"start":{"line":35,"column":4},"end":{"line":35,"column":68}},"11":{"start":{"line":38,"column":2},"end":{"line":41,"column":5}},"12":{"start":{"line":50,"column":2},"end":{"line":52,"column":3}},"13":{"start":{"line":51,"column":4},"end":{"line":51,"column":75}},"14":{"start":{"line":54,"column":2},"end":{"line":56,"column":3}},"15":{"start":{"line":55,"column":4},"end":{"line":55,"column":17}},"16":{"start":{"line":59,"column":2},"end":{"line":61,"column":3}},"17":{"start":{"line":60,"column":4},"end":{"line":60,"column":17}},"18":{"start":{"line":64,"column":22},"end":{"line":64,"column":50}},"19":{"start":{"line":65,"column":2},"end":{"line":67,"column":3}},"20":{"start":{"line":66,"column":4},"end":{"line":66,"column":17}},"21":{"start":{"line":70,"column":17},"end":{"line":70,"column":33}},"22":{"start":{"line":71,"column":18},"end":{"line":71,"column":27}},"23":{"start":{"line":74,"column":2},"end":{"line":76,"column":3}},"24":{"start":{"line":75,"column":4},"end":{"line":75,"column":17}},"25":{"start":{"line":79,"column":14},"end":{"line":79,"column":44}},"26":{"start":{"line":80,"column":2},"end":{"line":82,"column":3}},"27":{"start":{"line":81,"column":4},"end":{"line":81,"column":17}},"28":{"start":{"line":84,"column":2},"end":{"line":84,"column":14}}},"fnMap":{"0":{"name":"formatarData","decl":{"start":{"line":11,"column":16},"end":{"line":11,"column":28}},"loc":{"start":{"line":11,"column":39},"end":{"line":25,"column":1}}},"1":{"name":"formatarMoeda","decl":{"start":{"line":33,"column":16},"end":{"line":33,"column":29}},"loc":{"start":{"line":33,"column":43},"end":{"line":42,"column":1}}},"2":{"name":"validarEmail","decl":{"start":{"line":49,"column":16},"end":{"line":49,"column":28}},"loc":{"start":{"line":49,"column":42},"end":{"line":85,"column":1}}}},"branchMap":{"0":{"loc":{"start":{"line":12,"column":2},"end":{"line":14,"column":3}},"type":"if","locations":[{"start":{"line":12,"column":2},"end":{"line":14,"column":3}}]},"1":{"loc":{"start":{"line":12,"column":6},"end":{"line":12,"column":54}},"type":"binary-expr","locations":[{"start":{"line":12,"column":6},"end":{"line":12,"column":29}},{"start":{"line":12,"column":33},"end":{"line":12,"column":54}}]},"2":{"loc":{"start":{"line":34,"column":2},"end":{"line":36,"column":3}},"type":"if","locations":[{"start":{"line":34,"column":2},"end":{"line":36,"column":3}}]},"3":{"loc":{"start":{"line":34,"column":6},"end":{"line":34,"column":47}},"type":"binary-expr","locations":[{"start":{"line":34,"column":6},"end":{"line":34,"column":31}},{"start":{"line":34,"column":35},"end":{"line":34,"column":47}}]},"4":{"loc":{"start":{"line":50,"column":2},"end":{"line":52,"column":3}},"type":"if","locations":[{"start":{"line":50,"column":2},"end":{"line":52,"column":3}}]},"5":{"loc":{"start":{"line":50,"column":6},"end":{"line":50,"column":51}},"type":"binary-expr","locations":[{"start":{"line":50,"column":6},"end":{"line":50,"column":12}},{"start":{"line":50,"column":16},"end":{"line":50,"column":35}},{"start":{"line":50,"column":39},"end":{"line":50,"column":51}}]},"6":{"loc":{"start":{"line":54,"column":2},"end":{"line":56,"column":3}},"type":"if","locations":[{"start":{"line":54,"column":2},"end":{"line":56,"column":3}}]},"7":{"loc":{"start":{"line":59,"column":2},"end":{"line":61,"column":3}},"type":"if","locations":[{"start":{"line":59,"column":2},"end":{"line":61,"column":3}}]},"8":{"loc":{"start":{"line":65,"column":2},"end":{"line":67,"column":3}},"type":"if","locations":[{"start":{"line":65,"column":2},"end":{"line":67,"column":3}}]},"9":{"loc":{"start":{"line":74,"column":2},"end":{"line":76,"column":3}},"type":"if","locations":[{"start":{"line":74,"column":2},"end":{"line":76,"column":3}}]},"10":{"loc":{"start":{"line":79,"column":14},"end":{"line":79,"column":44}},"type":"binary-expr","locations":[{"start":{"line":79,"column":14},"end":{"line":79,"column":38}},{"start":{"line":79,"column":42},"end":{"line":79,"column":44}}]},"11":{"loc":{"start":{"line":80,"column":2},"end":{"line":82,"column":3}},"type":"if","locations":[{"start":{"line":80,"column":2},"end":{"line":82,"column":3}}]}},"s":{"0":1,"1":1,"2":1,"3":10,"4":3,"5":7,"6":7,"7":7,"8":7,"9":14,"10":3,"11":11,"12":22,"13":3,"14":19,"15":3,"16":16,"17":0,"18":16,"19":16,"20":6,"21":10,"22":10,"23":10,"24":1,"25":9,"26":9,"27":1,"28":8},"f":{"0":10,"1":14,"2":22},"b":{"0":[3],"1":[10,7],"2":[3],"3":[14,11],"4":[3],"5":[22,19,19],"6":[3],"7":[0],"8":[6],"9":[1],"10":[9,0],"11":[1]}}
}
