TN:
SF:scripts/build-system/clasp-helper.js
FN:8,pushProject
FNF:1
FNH:1
FNDA:2,pushProject
DA:9,2
DA:10,2
DA:11,2
DA:12,1
DA:13,1
DA:15,1
DA:16,1
LF:7
LH:7
BRF:0
BRH:0
end_of_record
TN:
SF:scripts/build-system/config-helper.js
FN:36,validateConfig
FN:58,(anonymous_1)
FN:83,loadConfig
FN:125,initializePaths
FN:158,loadConfigAndInitializePaths
FNF:5
FNH:4
FNDA:7,validateConfig
FNDA:0,(anonymous_1)
FNDA:7,loadConfig
FNDA:4,initializePaths
FNDA:1,loadConfigAndInitializePaths
DA:17,1
DA:19,1
DA:22,1
DA:37,7
DA:39,7
DA:40,0
DA:41,0
DA:42,0
DA:46,7
DA:47,6
DA:50,0
DA:51,0
DA:54,0
DA:56,0
DA:57,0
DA:58,0
DA:59,0
DA:61,0
DA:64,0
DA:65,0
DA:68,0
DA:70,7
DA:71,7
DA:72,7
DA:84,7
DA:85,7
DA:86,7
DA:87,2
DA:91,7
DA:92,1
DA:95,6
DA:96,6
DA:98,6
DA:99,1
DA:102,5
DA:105,5
DA:106,2
DA:107,2
DA:108,0
DA:112,5
DA:114,2
DA:115,2
DA:127,4
DA:130,4
DA:140,4
DA:141,1
DA:142,1
DA:143,1
DA:144,1
DA:145,1
DA:146,1
DA:149,4
DA:159,1
DA:160,1
DA:161,1
LF:55
LH:40
BRDA:36,0,0,0
BRDA:39,1,0,0
BRDA:39,1,1,7
BRDA:56,2,0,0
BRDA:56,2,1,0
BRDA:64,3,0,0
BRDA:64,3,1,0
BRDA:83,4,0,1
BRDA:83,5,0,1
BRDA:83,6,0,4
BRDA:86,7,0,2
BRDA:86,7,1,5
BRDA:91,8,0,1
BRDA:91,8,1,6
BRDA:98,9,0,1
BRDA:98,9,1,5
BRDA:105,10,0,2
BRDA:105,10,1,3
BRDA:107,11,0,0
BRDA:107,11,1,2
BRDA:125,12,0,0
BRDA:127,13,0,4
BRDA:127,13,1,4
BRDA:127,13,2,1
BRDA:131,14,0,3
BRDA:131,14,1,1
BRDA:132,15,0,3
BRDA:132,15,1,1
BRDA:133,16,0,3
BRDA:133,16,1,1
BRDA:134,17,0,3
BRDA:134,17,1,1
BRDA:137,18,0,3
BRDA:137,18,1,1
BRDA:140,19,0,1
BRDA:140,19,1,3
BRDA:158,20,0,0
BRDA:158,21,0,0
BRF:38
BRH:28
end_of_record
TN:
SF:scripts/build-system/filesystem-helper.js
FN:14,cleanDirectories
FN:16,(anonymous_1)
FN:81,ensureBuildBeforeDeploy
FNF:3
FNH:3
FNDA:4,cleanDirectories
FNDA:3,(anonymous_1)
FNDA:6,ensureBuildBeforeDeploy
DA:16,4
DA:17,3
DA:18,0
DA:21,3
DA:22,3
DA:25,4
DA:26,3
DA:29,3
DA:31,2
DA:34,2
DA:36,2
DA:37,1
DA:39,1
DA:43,1
DA:44,1
DA:48,4
DA:49,1
DA:52,1
DA:54,1
DA:57,1
DA:59,1
DA:60,1
DA:62,0
DA:66,0
DA:67,0
DA:82,6
DA:83,6
DA:84,6
DA:86,6
DA:89,6
DA:90,7
DA:93,7
DA:94,7
DA:96,7
DA:99,7
DA:100,4
DA:101,4
DA:102,4
DA:106,3
DA:107,3
DA:108,1
DA:109,1
DA:110,1
DA:115,6
DA:116,5
DA:117,5
DA:119,5
DA:120,5
DA:122,1
DA:126,5
DA:127,5
DA:128,4
DA:129,4
DA:131,1
DA:132,1
DA:133,1
DA:137,1
DA:138,1
LF:58
LH:54
BRDA:14,0,0,0
BRDA:14,1,0,0
BRDA:17,2,0,0
BRDA:17,2,1,3
BRDA:25,3,0,3
BRDA:25,3,1,1
BRDA:29,4,0,2
BRDA:29,4,1,1
BRDA:36,5,0,1
BRDA:36,5,1,1
BRDA:48,6,0,1
BRDA:48,6,1,3
BRDA:52,7,0,1
BRDA:52,7,1,0
BRDA:59,8,0,1
BRDA:59,8,1,0
BRDA:81,9,0,4
BRDA:81,10,0,5
BRDA:82,11,0,6
BRDA:82,11,1,0
BRDA:83,12,0,1
BRDA:83,12,1,5
BRDA:90,13,0,7
BRDA:90,13,1,0
BRDA:93,14,0,7
BRDA:93,14,1,0
BRDA:99,15,0,4
BRDA:99,15,1,3
BRDA:99,16,0,7
BRDA:99,16,1,4
BRDA:107,17,0,1
BRDA:107,17,1,2
BRDA:115,18,0,5
BRDA:115,18,1,1
BRDA:120,19,0,1
BRDA:120,19,1,4
BRF:36
BRH:28
end_of_record
TN:
SF:scripts/build-system/logger.js
FN:61,configure
FN:96,formatMessage
FN:127,log
FN:179,verbose
FN:190,debug
FN:201,info
FN:212,warn
FN:224,error
FN:236,success
FN:245,highlight
FN:254,important
FNF:11
FNH:9
FNDA:15,configure
FNDA:11,formatMessage
FNDA:13,log
FNDA:2,verbose
FNDA:2,debug
FNDA:3,info
FNDA:2,warn
FNDA:3,error
FNDA:1,success
FNDA:0,highlight
FNDA:0,important
DA:14,1
DA:24,1
DA:41,1
DA:50,1
DA:63,15
DA:64,0
DA:67,15
DA:70,15
DA:71,0
DA:72,0
DA:73,0
DA:77,15
DA:78,0
DA:81,15
DA:82,0
DA:85,15
DA:86,0
DA:97,11
DA:100,11
DA:101,0
DA:102,0
DA:103,0
DA:107,11
DA:108,10
DA:112,11
DA:114,11
DA:128,13
DA:129,2
DA:132,11
DA:135,11
DA:137,11
DA:138,1
DA:139,1
DA:143,10
DA:144,10
DA:145,10
DA:150,11
DA:151,0
DA:156,11
DA:157,11
DA:158,2
DA:159,9
DA:160,3
DA:164,11
DA:167,11
DA:168,1
DA:180,2
DA:191,2
DA:202,3
DA:213,2
DA:225,3
DA:229,1
DA:237,1
DA:246,0
DA:255,0
LF:55
LH:42
BRDA:61,0,0,1
BRDA:63,1,0,0
BRDA:63,1,1,15
BRDA:70,2,0,0
BRDA:70,2,1,15
BRDA:72,3,0,0
BRDA:72,3,1,0
BRDA:77,4,0,0
BRDA:77,4,1,15
BRDA:81,5,0,0
BRDA:81,5,1,15
BRDA:85,6,0,0
BRDA:85,6,1,15
BRDA:100,7,0,0
BRDA:100,7,1,11
BRDA:107,8,0,10
BRDA:107,8,1,1
BRDA:127,9,0,0
BRDA:128,10,0,2
BRDA:128,10,1,11
BRDA:135,11,0,11
BRDA:135,11,1,0
BRDA:137,12,0,1
BRDA:137,12,1,10
BRDA:138,13,0,1
BRDA:138,13,1,0
BRDA:143,14,0,10
BRDA:143,14,1,0
BRDA:144,15,0,10
BRDA:144,15,1,0
BRDA:144,16,0,10
BRDA:144,16,1,10
BRDA:150,17,0,0
BRDA:150,17,1,11
BRDA:150,18,0,11
BRDA:150,18,1,0
BRDA:157,19,0,2
BRDA:157,19,1,9
BRDA:159,20,0,3
BRDA:159,20,1,6
BRDA:167,21,0,1
BRDA:167,21,1,10
BRDA:167,22,0,11
BRDA:167,22,1,3
BRDA:168,23,0,1
BRDA:168,23,1,0
BRDA:179,24,0,2
BRDA:190,25,0,2
BRDA:201,26,0,3
BRDA:212,27,0,2
BRDA:224,28,0,2
BRDA:224,29,0,3
BRDA:236,30,0,1
BRDA:245,31,0,0
BRDA:254,32,0,0
BRF:55
BRH:37
end_of_record
TN:
SF:scripts/build-system/template-helper.js
FN:14,loadVersionInfo
FN:32,processTemplate
FN:53,(anonymous_2)
FN:62,(anonymous_3)
FN:89,processProjectTemplates
FN:181,(anonymous_5)
FN:192,(anonymous_6)
FN:203,(anonymous_7)
FN:228,(anonymous_8)
FN:229,(anonymous_9)
FN:278,(anonymous_10)
FNF:11
FNH:4
FNDA:16,loadVersionInfo
FNDA:14,processTemplate
FNDA:0,(anonymous_2)
FNDA:0,(anonymous_3)
FNDA:7,processProjectTemplates
FNDA:0,(anonymous_5)
FNDA:0,(anonymous_6)
FNDA:0,(anonymous_7)
FNDA:0,(anonymous_8)
FNDA:0,(anonymous_9)
FNDA:5,(anonymous_10)
DA:8,1
DA:15,16
DA:16,16
DA:17,15
DA:18,4
DA:21,11
DA:23,12
DA:33,14
DA:34,14
DA:35,1
DA:36,1
DA:40,13
DA:41,13
DA:50,13
DA:53,13
DA:54,0
DA:55,0
DA:57,0
DA:62,13
DA:63,0
DA:64,0
DA:66,0
DA:70,13
DA:71,12
DA:74,12
DA:76,12
DA:77,11
DA:79,2
DA:90,7
DA:91,7
DA:92,7
DA:93,1
DA:95,1
DA:102,6
DA:103,3
DA:107,3
DA:112,1
DA:116,2
DA:117,1
DA:123,1
DA:124,1
DA:127,1
DA:130,0
DA:133,0
DA:137,5
DA:138,5
DA:139,5
DA:145,5
DA:146,5
DA:148,5
DA:150,0
DA:151,0
DA:152,0
DA:154,0
DA:155,0
DA:156,0
DA:162,5
DA:163,0
DA:164,0
DA:165,0
DA:171,5
DA:172,5
DA:173,5
DA:174,5
DA:177,5
DA:180,5
DA:181,0
DA:182,0
DA:183,0
DA:184,0
DA:185,0
DA:191,5
DA:192,0
DA:193,0
DA:194,0
DA:195,0
DA:196,0
DA:202,5
DA:203,0
DA:204,0
DA:205,0
DA:206,0
DA:207,0
DA:213,5
DA:222,5
DA:228,0
DA:229,0
DA:250,5
DA:253,5
DA:254,5
DA:255,9
DA:256,9
DA:264,5
DA:265,7
DA:266,0
DA:267,0
DA:275,5
DA:278,5
DA:280,5
DA:281,0
DA:284,5
DA:285,0
DA:288,5
DA:289,0
DA:292,5
DA:296,5
DA:297,9
DA:298,9
DA:301,9
DA:304,9
DA:305,1
DA:306,1
DA:308,0
DA:309,0
DA:310,0
DA:311,0
DA:317,8
DA:318,0
DA:319,0
DA:323,8
DA:324,0
DA:327,9
DA:328,9
DA:331,9
DA:333,9
DA:336,9
DA:353,9
DA:356,9
DA:357,0
DA:358,0
DA:361,0
DA:362,0
DA:363,0
DA:364,0
DA:366,0
DA:369,0
DA:370,0
DA:374,9
DA:375,9
DA:376,9
DA:379,5
DA:383,1
DA:387,1
LF:143
LH:88
BRDA:16,0,0,15
BRDA:16,0,1,1
BRDA:34,1,0,1
BRDA:34,1,1,13
BRDA:54,2,0,0
BRDA:54,2,1,0
BRDA:63,3,0,0
BRDA:63,3,1,0
BRDA:63,4,0,0
BRDA:63,4,1,0
BRDA:89,5,0,0
BRDA:92,6,0,1
BRDA:92,6,1,6
BRDA:102,7,0,3
BRDA:102,7,1,3
BRDA:102,8,0,6
BRDA:102,8,1,4
BRDA:107,9,0,1
BRDA:107,9,1,2
BRDA:108,10,0,3
BRDA:108,10,1,1
BRDA:108,10,2,1
BRDA:116,11,0,1
BRDA:116,11,1,1
BRDA:123,12,0,1
BRDA:123,12,1,0
BRDA:138,13,0,5
BRDA:138,13,1,0
BRDA:148,14,0,0
BRDA:148,14,1,5
BRDA:152,15,0,0
BRDA:152,15,1,0
BRDA:154,16,0,0
BRDA:154,16,1,0
BRDA:163,17,0,0
BRDA:163,17,1,0
BRDA:163,18,0,0
BRDA:163,18,1,0
BRDA:177,19,0,5
BRDA:177,19,1,5
BRDA:180,20,0,0
BRDA:180,20,1,5
BRDA:180,21,0,5
BRDA:180,21,1,0
BRDA:182,22,0,0
BRDA:182,22,1,0
BRDA:184,23,0,0
BRDA:184,23,1,0
BRDA:191,24,0,0
BRDA:191,24,1,5
BRDA:191,25,0,5
BRDA:191,25,1,0
BRDA:193,26,0,0
BRDA:193,26,1,0
BRDA:195,27,0,0
BRDA:195,27,1,0
BRDA:202,28,0,0
BRDA:202,28,1,5
BRDA:202,29,0,5
BRDA:202,29,1,0
BRDA:204,30,0,0
BRDA:204,30,1,0
BRDA:206,31,0,0
BRDA:206,31,1,0
BRDA:228,32,0,5
BRDA:228,32,1,5
BRDA:229,33,0,5
BRDA:229,33,1,5
BRDA:231,34,0,5
BRDA:231,34,1,3
BRDA:231,34,2,5
BRDA:232,35,0,5
BRDA:232,35,1,5
BRDA:233,36,0,5
BRDA:233,36,1,5
BRDA:234,37,0,5
BRDA:234,37,1,5
BRDA:235,38,0,5
BRDA:235,38,1,5
BRDA:236,39,0,5
BRDA:236,39,1,5
BRDA:253,40,0,5
BRDA:253,40,1,0
BRDA:265,41,0,0
BRDA:265,41,1,7
BRDA:265,42,0,7
BRDA:265,42,1,7
BRDA:275,43,0,5
BRDA:275,43,1,5
BRDA:280,44,0,0
BRDA:280,44,1,5
BRDA:284,45,0,0
BRDA:284,45,1,5
BRDA:288,46,0,0
BRDA:288,46,1,5
BRDA:304,47,0,1
BRDA:304,47,1,8
BRDA:305,48,0,1
BRDA:305,48,1,0
BRDA:309,49,0,0
BRDA:309,49,1,0
BRDA:317,50,0,0
BRDA:317,50,1,8
BRDA:323,51,0,0
BRDA:323,51,1,8
BRDA:356,52,0,0
BRDA:356,52,1,9
BRDA:361,53,0,0
BRDA:361,53,1,0
BRDA:362,54,0,0
BRDA:362,54,1,0
BRF:111
BRH:60
end_of_record
TN:
SF:src/commons/utils.ts
FN:11,formatarData
FN:33,formatarMoeda
FN:49,validarEmail
FNF:3
FNH:3
FNDA:10,formatarData
FNDA:14,formatarMoeda
FNDA:29,validarEmail
DA:11,1
DA:12,10
DA:13,3
DA:20,7
DA:21,7
DA:22,7
DA:24,7
DA:33,1
DA:34,14
DA:35,3
DA:38,11
DA:49,1
DA:50,29
DA:51,3
DA:54,26
DA:55,3
DA:59,23
DA:60,1
DA:64,22
DA:65,22
DA:66,9
DA:70,13
DA:71,13
DA:74,13
DA:75,2
DA:79,11
DA:80,11
DA:81,3
DA:84,8
LF:29
LH:29
BRDA:12,0,0,3
BRDA:12,1,0,10
BRDA:12,1,1,7
BRDA:34,2,0,3
BRDA:34,3,0,14
BRDA:34,3,1,11
BRDA:50,4,0,3
BRDA:50,5,0,29
BRDA:50,5,1,26
BRDA:50,5,2,26
BRDA:54,6,0,3
BRDA:59,7,0,1
BRDA:65,8,0,9
BRDA:74,9,0,2
BRDA:79,10,0,11
BRDA:79,10,1,1
BRDA:80,11,0,3
BRF:17
BRH:17
end_of_record
