TN:
SF:src/commons/utils.ts
FN:11,formatarData
FN:33,formatarMoeda
FN:49,validarEmail
FNF:3
FNH:3
FNDA:10,formatarData
FNDA:14,formatarMoeda
FNDA:22,validarEmail
DA:11,1
DA:12,10
DA:13,3
DA:20,7
DA:21,7
DA:22,7
DA:24,7
DA:33,1
DA:34,14
DA:35,3
DA:38,11
DA:49,1
DA:50,22
DA:51,3
DA:54,19
DA:55,3
DA:59,16
DA:60,0
DA:64,16
DA:65,16
DA:66,6
DA:70,10
DA:71,10
DA:74,10
DA:75,1
DA:79,9
DA:80,9
DA:81,1
DA:84,8
LF:29
LH:28
BRDA:12,0,0,3
BRDA:12,1,0,10
BRDA:12,1,1,7
BRDA:34,2,0,3
BRDA:34,3,0,14
BRDA:34,3,1,11
BRDA:50,4,0,3
BRDA:50,5,0,22
BRDA:50,5,1,19
BRDA:50,5,2,19
BRDA:54,6,0,3
BRDA:59,7,0,0
BRDA:65,8,0,6
BRDA:74,9,0,1
BRDA:79,10,0,9
BRDA:79,10,1,0
BRDA:80,11,0,1
BRF:17
BRH:15
end_of_record
